{"/home/travis/build/npmtest/node-npmtest-vueify/test.js":{"path":"/home/travis/build/npmtest/node-npmtest-vueify/test.js","s":{"1":2,"2":2,"3":2,"4":2,"5":2,"6":2,"7":2,"8":1,"9":2,"10":2,"11":1,"12":1,"13":1,"14":1,"15":2,"16":2,"17":2,"18":2,"19":1,"20":1,"21":2,"22":2,"23":2,"24":1,"25":1,"26":1,"27":1,"28":1,"29":1,"30":1,"31":1,"32":1,"33":1,"34":1,"35":1,"36":1,"37":1,"38":1,"39":2,"40":2,"41":1,"42":2,"43":2,"44":1,"45":2,"46":2,"47":1,"48":2,"49":2,"50":1,"51":1,"52":1,"53":1,"54":1},"b":{"1":[2,1,1,1],"2":[1,1,1,1],"3":[1,1],"4":[1,1],"5":[1,1],"6":[1,1],"7":[1,1],"8":[1,1],"9":[1,1],"10":[1,1,1],"11":[1,1],"12":[1,1],"13":[1,1],"14":[1,1],"15":[1,1],"16":[1,1],"17":[1,1]},"f":{"1":2,"2":2,"3":2,"4":2,"5":2,"6":1,"7":1,"8":1,"9":2,"10":2,"11":2,"12":2,"13":1},"fnMap":{"1":{"name":"(anonymous_1)","line":12,"loc":{"start":{"line":12,"column":1},"end":{"line":12,"column":13}}},"2":{"name":"(anonymous_2)","line":19,"loc":{"start":{"line":19,"column":5},"end":{"line":19,"column":17}}},"3":{"name":"(anonymous_3)","line":23,"loc":{"start":{"line":23,"column":24},"end":{"line":23,"column":36}}},"4":{"name":"(anonymous_4)","line":61,"loc":{"start":{"line":61,"column":5},"end":{"line":61,"column":17}}},"5":{"name":"(anonymous_5)","line":82,"loc":{"start":{"line":82,"column":5},"end":{"line":82,"column":17}}},"6":{"name":"(anonymous_6)","line":91,"loc":{"start":{"line":91,"column":77},"end":{"line":94,"column":10}}},"7":{"name":"(anonymous_7)","line":112,"loc":{"start":{"line":112,"column":83},"end":{"line":115,"column":10}},"skip":true},"8":{"name":"(anonymous_8)","line":123,"loc":{"start":{"line":123,"column":77},"end":{"line":126,"column":10}},"skip":true},"9":{"name":"(anonymous_9)","line":139,"loc":{"start":{"line":139,"column":12},"end":{"line":139,"column":40}},"skip":true},"10":{"name":"(anonymous_10)","line":147,"loc":{"start":{"line":147,"column":77},"end":{"line":150,"column":10}},"skip":true},"11":{"name":"(anonymous_11)","line":158,"loc":{"start":{"line":158,"column":83},"end":{"line":161,"column":10}},"skip":true},"12":{"name":"(anonymous_12)","line":169,"loc":{"start":{"line":169,"column":79},"end":{"line":172,"column":10}},"skip":true},"13":{"name":"(anonymous_13)","line":180,"loc":{"start":{"line":180,"column":75},"end":{"line":183,"column":10}},"skip":true}},"statementMap":{"1":{"start":{"line":12,"column":0},"end":{"line":195,"column":5}},"2":{"start":{"line":14,"column":4},"end":{"line":14,"column":14}},"3":{"start":{"line":19,"column":4},"end":{"line":56,"column":9}},"4":{"start":{"line":21,"column":8},"end":{"line":21,"column":19}},"5":{"start":{"line":23,"column":8},"end":{"line":35,"column":13}},"6":{"start":{"line":24,"column":12},"end":{"line":34,"column":13}},"7":{"start":{"line":25,"column":16},"end":{"line":28,"column":30}},"8":{"start":{"line":30,"column":16},"end":{"line":33,"column":27}},"9":{"start":{"line":37,"column":8},"end":{"line":39,"column":21}},"10":{"start":{"line":40,"column":8},"end":{"line":53,"column":9}},"11":{"start":{"line":43,"column":12},"end":{"line":46,"column":14}},"12":{"start":{"line":47,"column":12},"end":{"line":47,"column":18}},"13":{"start":{"line":50,"column":12},"end":{"line":51,"column":33}},"14":{"start":{"line":52,"column":12},"end":{"line":52,"column":18}},"15":{"start":{"line":55,"column":8},"end":{"line":55,"column":35}},"16":{"start":{"line":61,"column":4},"end":{"line":63,"column":9}},"17":{"start":{"line":62,"column":8},"end":{"line":62,"column":15}},"18":{"start":{"line":64,"column":4},"end":{"line":77,"column":5}},"19":{"start":{"line":70,"column":8},"end":{"line":70,"column":14}},"20":{"start":{"line":76,"column":8},"end":{"line":76,"column":14}},"21":{"start":{"line":82,"column":4},"end":{"line":84,"column":9}},"22":{"start":{"line":83,"column":8},"end":{"line":83,"column":15}},"23":{"start":{"line":85,"column":4},"end":{"line":194,"column":5}},"24":{"start":{"line":91,"column":8},"end":{"line":99,"column":10}},"25":{"start":{"line":98,"column":12},"end":{"line":98,"column":35}},"26":{"start":{"line":102,"column":8},"end":{"line":104,"column":63}},"27":{"start":{"line":105,"column":8},"end":{"line":105,"column":14}},"28":{"start":{"line":112,"column":8},"end":{"line":121,"column":10},"skip":true},"29":{"start":{"line":119,"column":12},"end":{"line":119,"column":55},"skip":true},"30":{"start":{"line":120,"column":12},"end":{"line":120,"column":48},"skip":true},"31":{"start":{"line":123,"column":8},"end":{"line":136,"column":10},"skip":true},"32":{"start":{"line":130,"column":12},"end":{"line":130,"column":76},"skip":true},"33":{"start":{"line":131,"column":12},"end":{"line":131,"column":73},"skip":true},"34":{"start":{"line":132,"column":12},"end":{"line":132,"column":74},"skip":true},"35":{"start":{"line":133,"column":12},"end":{"line":133,"column":79},"skip":true},"36":{"start":{"line":134,"column":12},"end":{"line":134,"column":25},"skip":true},"37":{"start":{"line":135,"column":12},"end":{"line":135,"column":45},"skip":true},"38":{"start":{"line":138,"column":8},"end":{"line":145,"column":14},"skip":true},"39":{"start":{"line":143,"column":16},"end":{"line":143,"column":29},"skip":true},"40":{"start":{"line":144,"column":16},"end":{"line":144,"column":55},"skip":true},"41":{"start":{"line":147,"column":8},"end":{"line":156,"column":10},"skip":true},"42":{"start":{"line":154,"column":12},"end":{"line":154,"column":25},"skip":true},"43":{"start":{"line":155,"column":12},"end":{"line":155,"column":45},"skip":true},"44":{"start":{"line":158,"column":8},"end":{"line":167,"column":10},"skip":true},"45":{"start":{"line":165,"column":12},"end":{"line":165,"column":25},"skip":true},"46":{"start":{"line":166,"column":12},"end":{"line":166,"column":48},"skip":true},"47":{"start":{"line":169,"column":8},"end":{"line":178,"column":10},"skip":true},"48":{"start":{"line":176,"column":12},"end":{"line":176,"column":25},"skip":true},"49":{"start":{"line":177,"column":12},"end":{"line":177,"column":46},"skip":true},"50":{"start":{"line":180,"column":8},"end":{"line":189,"column":10},"skip":true},"51":{"start":{"line":187,"column":12},"end":{"line":187,"column":94},"skip":true},"52":{"start":{"line":188,"column":12},"end":{"line":188,"column":48},"skip":true},"53":{"start":{"line":192,"column":8},"end":{"line":192,"column":35},"skip":true},"54":{"start":{"line":193,"column":8},"end":{"line":193,"column":14},"skip":true}},"branchMap":{"1":{"line":25,"type":"binary-expr","locations":[{"start":{"line":25,"column":23},"end":{"line":25,"column":62}},{"start":{"line":26,"column":20},"end":{"line":26,"column":70}},{"start":{"line":27,"column":20},"end":{"line":27,"column":71}},{"start":{"line":28,"column":20},"end":{"line":28,"column":29}}]},"2":{"line":30,"type":"binary-expr","locations":[{"start":{"line":30,"column":23},"end":{"line":30,"column":37}},{"start":{"line":31,"column":20},"end":{"line":31,"column":61}},{"start":{"line":32,"column":20},"end":{"line":32,"column":70}},{"start":{"line":33,"column":20},"end":{"line":33,"column":26}}]},"3":{"line":37,"type":"cond-expr","locations":[{"start":{"line":38,"column":14},"end":{"line":38,"column":20}},{"start":{"line":39,"column":14},"end":{"line":39,"column":20}}]},"4":{"line":40,"type":"switch","locations":[{"start":{"line":42,"column":8},"end":{"line":47,"column":18}},{"start":{"line":49,"column":8},"end":{"line":52,"column":18}}]},"5":{"line":44,"type":"binary-expr","locations":[{"start":{"line":44,"column":16},"end":{"line":44,"column":44}},{"start":{"line":44,"column":48},"end":{"line":44,"column":66}}]},"6":{"line":50,"type":"binary-expr","locations":[{"start":{"line":50,"column":21},"end":{"line":50,"column":49}},{"start":{"line":50,"column":53},"end":{"line":50,"column":72}}]},"7":{"line":64,"type":"switch","locations":[{"start":{"line":69,"column":4},"end":{"line":70,"column":14}},{"start":{"line":75,"column":4},"end":{"line":76,"column":14}}]},"8":{"line":85,"type":"switch","locations":[{"start":{"line":90,"column":4},"end":{"line":105,"column":14}},{"start":{"line":111,"column":4},"end":{"line":193,"column":14},"skip":true}]},"9":{"line":91,"type":"binary-expr","locations":[{"start":{"line":91,"column":42},"end":{"line":91,"column":73}},{"start":{"line":91,"column":77},"end":{"line":99,"column":9}}]},"10":{"line":102,"type":"binary-expr","locations":[{"start":{"line":102,"column":18},"end":{"line":102,"column":32}},{"start":{"line":103,"column":12},"end":{"line":103,"column":53}},{"start":{"line":104,"column":12},"end":{"line":104,"column":61}}]},"11":{"line":112,"type":"binary-expr","locations":[{"start":{"line":112,"column":45},"end":{"line":112,"column":79},"skip":true},{"start":{"line":112,"column":83},"end":{"line":121,"column":9},"skip":true}]},"12":{"line":123,"type":"binary-expr","locations":[{"start":{"line":123,"column":42},"end":{"line":123,"column":73},"skip":true},{"start":{"line":123,"column":77},"end":{"line":136,"column":9},"skip":true}]},"13":{"line":138,"type":"binary-expr","locations":[{"start":{"line":138,"column":48},"end":{"line":138,"column":85},"skip":true},{"start":{"line":139,"column":12},"end":{"line":145,"column":13},"skip":true}]},"14":{"line":147,"type":"binary-expr","locations":[{"start":{"line":147,"column":42},"end":{"line":147,"column":73},"skip":true},{"start":{"line":147,"column":77},"end":{"line":156,"column":9},"skip":true}]},"15":{"line":158,"type":"binary-expr","locations":[{"start":{"line":158,"column":45},"end":{"line":158,"column":79},"skip":true},{"start":{"line":158,"column":83},"end":{"line":167,"column":9},"skip":true}]},"16":{"line":169,"type":"binary-expr","locations":[{"start":{"line":169,"column":43},"end":{"line":169,"column":75},"skip":true},{"start":{"line":169,"column":79},"end":{"line":178,"column":9},"skip":true}]},"17":{"line":180,"type":"binary-expr","locations":[{"start":{"line":180,"column":41},"end":{"line":180,"column":71},"skip":true},{"start":{"line":180,"column":75},"end":{"line":189,"column":9},"skip":true}]}},"code":["/* istanbul instrument in package npmtest_vueify */","/*jslint","    bitwise: true,","    browser: true,","    maxerr: 8,","    maxlen: 96,","    node: true,","    nomen: true,","    regexp: true,","    stupid: true","*/","(function () {","    'use strict';","    var local;","","","","    // run shared js-env code - pre-init","    (function () {","        // init local","        local = {};","        // init modeJs","        local.modeJs = (function () {","            try {","                return typeof navigator.userAgent === 'string' &&","                    typeof document.querySelector('body') === 'object' &&","                    typeof XMLHttpRequest.prototype.open === 'function' &&","                    'browser';","            } catch (errorCaughtBrowser) {","                return module.exports &&","                    typeof process.versions.node === 'string' &&","                    typeof require('http').createServer === 'function' &&","                    'node';","            }","        }());","        // init global","        local.global = local.modeJs === 'browser'","            ? window","            : global;","        switch (local.modeJs) {","        // re-init local from window.local","        case 'browser':","            local = local.global.utility2.objectSetDefault(","                local.global.utility2_rollup || local.global.local,","                local.global.utility2","            );","            break;","        // re-init local from example.js","        case 'node':","            local = (local.global.utility2_rollup || require('utility2'))","                .requireReadme();","            break;","        }","        // export local","        local.global.local = local;","    }());","","","","    // run shared js-env code - function","    (function () {","        return;","    }());","    switch (local.modeJs) {","","","","    // run browser js-env code - function","    case 'browser':","        break;","","","","    // run node js-env code - function","    case 'node':","        break;","    }","","","","    // run shared js-env code - post-init","    (function () {","        return;","    }());","    switch (local.modeJs) {","","","","    // run browser js-env code - post-init","    case 'browser':","        local.testCase_browser_nullCase = local.testCase_browser_nullCase || function (","            options,","            onError","        ) {","        /*","         * this function will test browsers's null-case handling-behavior-behavior","         */","            onError(null, options);","        };","","        // run tests","        local.nop(local.modeTest &&","            document.querySelector('#testRunButton1') &&","            document.querySelector('#testRunButton1').click());","        break;","","","","    // run node js-env code - post-init","    /* istanbul ignore next */","    case 'node':","        local.testCase_buildApidoc_default = local.testCase_buildApidoc_default || function (","            options,","            onError","        ) {","        /*","         * this function will test buildApidoc's default handling-behavior-behavior","         */","            options = { modulePathList: module.paths };","            local.buildApidoc(options, onError);","        };","","        local.testCase_buildApp_default = local.testCase_buildApp_default || function (","            options,","            onError","        ) {","        /*","         * this function will test buildApp's default handling-behavior-behavior","         */","            local.testCase_buildReadme_default(options, local.onErrorThrow);","            local.testCase_buildLib_default(options, local.onErrorThrow);","            local.testCase_buildTest_default(options, local.onErrorThrow);","            local.testCase_buildCustomOrg_default(options, local.onErrorThrow);","            options = [];","            local.buildApp(options, onError);","        };","","        local.testCase_buildCustomOrg_default = local.testCase_buildCustomOrg_default ||","            function (options, onError) {","            /*","             * this function will test buildCustomOrg's default handling-behavior","             */","                options = {};","                local.buildCustomOrg(options, onError);","            };","","        local.testCase_buildLib_default = local.testCase_buildLib_default || function (","            options,","            onError","        ) {","        /*","         * this function will test buildLib's default handling-behavior","         */","            options = {};","            local.buildLib(options, onError);","        };","","        local.testCase_buildReadme_default = local.testCase_buildReadme_default || function (","            options,","            onError","        ) {","        /*","         * this function will test buildReadme's default handling-behavior-behavior","         */","            options = {};","            local.buildReadme(options, onError);","        };","","        local.testCase_buildTest_default = local.testCase_buildTest_default || function (","            options,","            onError","        ) {","        /*","         * this function will test buildTest's default handling-behavior","         */","            options = {};","            local.buildTest(options, onError);","        };","","        local.testCase_webpage_default = local.testCase_webpage_default || function (","            options,","            onError","        ) {","        /*","         * this function will test webpage's default handling-behavior","         */","            options = { modeCoverageMerge: true, url: local.serverLocalHost + '?modeTest=1' };","            local.browserTest(options, onError);","        };","","        // run test-server","        local.testRunServer(local);","        break;","    }","}());",""],"l":{"12":2,"14":2,"19":2,"21":2,"23":2,"24":2,"25":2,"30":1,"37":2,"40":2,"43":1,"47":1,"50":1,"52":1,"55":2,"61":2,"62":2,"64":2,"70":1,"76":1,"82":2,"83":2,"85":2,"91":1,"98":1,"102":1,"105":1,"112":1,"119":1,"120":1,"123":1,"130":1,"131":1,"132":1,"133":1,"134":1,"135":1,"138":1,"143":2,"144":2,"147":1,"154":2,"155":2,"158":1,"165":2,"166":2,"169":1,"176":2,"177":2,"180":1,"187":1,"188":1,"192":1,"193":1}},"/home/travis/build/npmtest/node-npmtest-vueify/lib.npmtest_vueify.js":{"path":"/home/travis/build/npmtest/node-npmtest-vueify/lib.npmtest_vueify.js","s":{"1":2,"2":2,"3":2,"4":2,"5":2,"6":2,"7":2,"8":1,"9":2,"10":2,"11":2,"12":2,"13":1,"14":1,"15":1,"16":1},"b":{"1":[2,1,1,1],"2":[1,1,1,1],"3":[1,1],"4":[2,2],"5":[1,1]},"f":{"1":2,"2":2,"3":2},"fnMap":{"1":{"name":"(anonymous_1)","line":12,"loc":{"start":{"line":12,"column":1},"end":{"line":12,"column":13}}},"2":{"name":"(anonymous_2)","line":19,"loc":{"start":{"line":19,"column":5},"end":{"line":19,"column":17}}},"3":{"name":"(anonymous_3)","line":23,"loc":{"start":{"line":23,"column":24},"end":{"line":23,"column":36}}}},"statementMap":{"1":{"start":{"line":12,"column":0},"end":{"line":53,"column":5}},"2":{"start":{"line":14,"column":4},"end":{"line":14,"column":14}},"3":{"start":{"line":19,"column":4},"end":{"line":52,"column":9}},"4":{"start":{"line":21,"column":8},"end":{"line":21,"column":19}},"5":{"start":{"line":23,"column":8},"end":{"line":35,"column":13}},"6":{"start":{"line":24,"column":12},"end":{"line":34,"column":13}},"7":{"start":{"line":25,"column":16},"end":{"line":28,"column":30}},"8":{"start":{"line":30,"column":16},"end":{"line":33,"column":27}},"9":{"start":{"line":37,"column":8},"end":{"line":39,"column":21}},"10":{"start":{"line":41,"column":8},"end":{"line":41,"column":54}},"11":{"start":{"line":43,"column":8},"end":{"line":43,"column":51}},"12":{"start":{"line":45,"column":8},"end":{"line":51,"column":9}},"13":{"start":{"line":46,"column":12},"end":{"line":46,"column":57}},"14":{"start":{"line":48,"column":12},"end":{"line":48,"column":35}},"15":{"start":{"line":49,"column":12},"end":{"line":49,"column":49}},"16":{"start":{"line":50,"column":12},"end":{"line":50,"column":43}}},"branchMap":{"1":{"line":25,"type":"binary-expr","locations":[{"start":{"line":25,"column":23},"end":{"line":25,"column":62}},{"start":{"line":26,"column":20},"end":{"line":26,"column":70}},{"start":{"line":27,"column":20},"end":{"line":27,"column":71}},{"start":{"line":28,"column":20},"end":{"line":28,"column":29}}]},"2":{"line":30,"type":"binary-expr","locations":[{"start":{"line":30,"column":23},"end":{"line":30,"column":37}},{"start":{"line":31,"column":20},"end":{"line":31,"column":61}},{"start":{"line":32,"column":20},"end":{"line":32,"column":70}},{"start":{"line":33,"column":20},"end":{"line":33,"column":26}}]},"3":{"line":37,"type":"cond-expr","locations":[{"start":{"line":38,"column":14},"end":{"line":38,"column":20}},{"start":{"line":39,"column":14},"end":{"line":39,"column":20}}]},"4":{"line":41,"type":"binary-expr","locations":[{"start":{"line":41,"column":16},"end":{"line":41,"column":44}},{"start":{"line":41,"column":48},"end":{"line":41,"column":53}}]},"5":{"line":45,"type":"if","locations":[{"start":{"line":45,"column":8},"end":{"line":45,"column":8}},{"start":{"line":45,"column":8},"end":{"line":45,"column":8}}]}},"code":["/* istanbul instrument in package npmtest_vueify */","/*jslint","    bitwise: true,","    browser: true,","    maxerr: 8,","    maxlen: 96,","    node: true,","    nomen: true,","    regexp: true,","    stupid: true","*/","(function () {","    'use strict';","    var local;","","","","    // run shared js-env code - pre-init","    (function () {","        // init local","        local = {};","        // init modeJs","        local.modeJs = (function () {","            try {","                return typeof navigator.userAgent === 'string' &&","                    typeof document.querySelector('body') === 'object' &&","                    typeof XMLHttpRequest.prototype.open === 'function' &&","                    'browser';","            } catch (errorCaughtBrowser) {","                return module.exports &&","                    typeof process.versions.node === 'string' &&","                    typeof require('http').createServer === 'function' &&","                    'node';","            }","        }());","        // init global","        local.global = local.modeJs === 'browser'","            ? window","            : global;","        // init utility2_rollup","        local = local.global.utility2_rollup || local;","        // init lib","        local.local = local.npmtest_vueify = local;","        // init exports","        if (local.modeJs === 'browser') {","            local.global.utility2_npmtest_vueify = local;","        } else {","            module.exports = local;","            module.exports.__dirname = __dirname;","            module.exports.module = module;","        }","    }());","}());",""],"l":{"12":2,"14":2,"19":2,"21":2,"23":2,"24":2,"25":2,"30":1,"37":2,"41":2,"43":2,"45":2,"46":1,"48":1,"49":1,"50":1}},"/home/travis/build/npmtest/node-npmtest-vueify/example.js":{"path":"/home/travis/build/npmtest/node-npmtest-vueify/example.js","s":{"1":2,"2":2,"3":2,"4":2,"5":2,"6":2,"7":2,"8":1,"9":2,"10":2,"11":2,"12":2,"13":1,"14":2,"15":2,"16":2,"17":2,"18":2,"19":0,"20":2,"21":1,"22":1,"23":1,"24":1,"25":1,"26":0,"27":0,"28":1,"29":1,"30":2,"31":0,"32":0,"33":0,"34":1,"35":2,"36":2,"37":3,"38":3,"39":3,"40":3,"41":0,"42":3,"43":3,"44":3,"45":1,"46":3,"47":1,"48":1,"49":1,"50":1,"51":1,"52":1,"53":1,"54":1,"55":1,"56":1,"57":0,"58":1,"59":6,"60":6,"61":1,"62":2,"63":0,"64":2,"65":1,"66":1,"67":0,"68":0,"69":0,"70":0,"71":0,"72":0,"73":0,"74":0,"75":0,"76":0,"77":0,"78":0,"79":0,"80":0,"81":0,"82":0,"83":0},"b":{"1":[2,1,1,1],"2":[1,1,1,1],"3":[1,1],"4":[2,2],"5":[1,1],"6":[1,1],"7":[2,0],"8":[2,1,1,1,1,1],"9":[0,2,0],"10":[1,1],"11":[2,1,1],"12":[1,0],"13":[0,2],"14":[2,0,0,0,0,0,0],"15":[0,3],"16":[3,0],"17":[1,1],"18":[0,1],"19":[1,2,0,2],"20":[1,0],"21":[1,1],"22":[0,0],"23":[0,0],"24":[0,0],"25":[0,0],"26":[0,0],"27":[0,0],"28":[0,0]},"f":{"1":2,"2":2,"3":2,"4":2,"5":2,"6":2,"7":3,"8":3,"9":3,"10":1,"11":6,"12":0},"fnMap":{"1":{"name":"(anonymous_1)","line":26,"loc":{"start":{"line":26,"column":1},"end":{"line":26,"column":13}}},"2":{"name":"(anonymous_2)","line":33,"loc":{"start":{"line":33,"column":5},"end":{"line":33,"column":17}}},"3":{"name":"(anonymous_3)","line":37,"loc":{"start":{"line":37,"column":24},"end":{"line":37,"column":36}}},"4":{"name":"(anonymous_4)","line":69,"loc":{"start":{"line":69,"column":31},"end":{"line":69,"column":48}},"skip":true},"5":{"name":"(anonymous_5)","line":78,"loc":{"start":{"line":78,"column":26},"end":{"line":78,"column":45}},"skip":true},"6":{"name":"(anonymous_6)","line":123,"loc":{"start":{"line":123,"column":33},"end":{"line":123,"column":48}},"skip":true},"7":{"name":"(anonymous_7)","line":125,"loc":{"start":{"line":125,"column":27},"end":{"line":125,"column":39}},"skip":true},"8":{"name":"(anonymous_8)","line":133,"loc":{"start":{"line":133,"column":59},"end":{"line":133,"column":74}},"skip":true},"9":{"name":"(anonymous_9)","line":143,"loc":{"start":{"line":143,"column":45},"end":{"line":143,"column":62}},"skip":true},"10":{"name":"(anonymous_10)","line":144,"loc":{"start":{"line":144,"column":73},"end":{"line":144,"column":92}},"skip":true},"11":{"name":"(anonymous_11)","line":272,"loc":{"start":{"line":272,"column":51},"end":{"line":272,"column":77}},"skip":true},"12":{"name":"(anonymous_12)","line":315,"loc":{"start":{"line":315,"column":32},"end":{"line":315,"column":61}},"skip":true}},"statementMap":{"1":{"start":{"line":26,"column":0},"end":{"line":326,"column":5}},"2":{"start":{"line":28,"column":4},"end":{"line":28,"column":14}},"3":{"start":{"line":33,"column":4},"end":{"line":60,"column":9}},"4":{"start":{"line":35,"column":8},"end":{"line":35,"column":19}},"5":{"start":{"line":37,"column":8},"end":{"line":49,"column":13}},"6":{"start":{"line":38,"column":12},"end":{"line":48,"column":13}},"7":{"start":{"line":39,"column":16},"end":{"line":42,"column":30}},"8":{"start":{"line":44,"column":16},"end":{"line":47,"column":27}},"9":{"start":{"line":51,"column":8},"end":{"line":53,"column":21}},"10":{"start":{"line":55,"column":8},"end":{"line":57,"column":45}},"11":{"start":{"line":59,"column":8},"end":{"line":59,"column":35}},"12":{"start":{"line":61,"column":4},"end":{"line":325,"column":5}},"13":{"start":{"line":69,"column":8},"end":{"line":121,"column":10},"skip":true},"14":{"start":{"line":70,"column":12},"end":{"line":88,"column":13},"skip":true},"15":{"start":{"line":76,"column":16},"end":{"line":87,"column":19},"skip":true},"16":{"start":{"line":79,"column":20},"end":{"line":86,"column":21},"skip":true},"17":{"start":{"line":82,"column":24},"end":{"line":82,"column":43},"skip":true},"18":{"start":{"line":83,"column":24},"end":{"line":83,"column":30},"skip":true},"19":{"start":{"line":85,"column":24},"end":{"line":85,"column":49},"skip":true},"20":{"start":{"line":89,"column":12},"end":{"line":107,"column":13},"skip":true},"21":{"start":{"line":92,"column":16},"end":{"line":102,"column":17},"skip":true},"22":{"start":{"line":93,"column":20},"end":{"line":93,"column":86},"skip":true},"23":{"start":{"line":94,"column":20},"end":{"line":95,"column":45},"skip":true},"24":{"start":{"line":96,"column":20},"end":{"line":96,"column":42},"skip":true},"25":{"start":{"line":97,"column":20},"end":{"line":97,"column":48},"skip":true},"26":{"start":{"line":100,"column":20},"end":{"line":100,"column":85},"skip":true},"27":{"start":{"line":101,"column":20},"end":{"line":101,"column":96},"skip":true},"28":{"start":{"line":103,"column":16},"end":{"line":103,"column":22},"skip":true},"29":{"start":{"line":106,"column":16},"end":{"line":106,"column":22},"skip":true},"30":{"start":{"line":108,"column":12},"end":{"line":120,"column":13},"skip":true},"31":{"start":{"line":114,"column":16},"end":{"line":119,"column":17},"skip":true},"32":{"start":{"line":116,"column":20},"end":{"line":116,"column":78},"skip":true},"33":{"start":{"line":118,"column":20},"end":{"line":118,"column":47},"skip":true},"34":{"start":{"line":123,"column":8},"end":{"line":141,"column":11},"skip":true},"35":{"start":{"line":124,"column":12},"end":{"line":124,"column":54},"skip":true},"36":{"start":{"line":125,"column":12},"end":{"line":140,"column":14},"skip":true},"37":{"start":{"line":126,"column":16},"end":{"line":126,"column":28},"skip":true},"38":{"start":{"line":127,"column":16},"end":{"line":127,"column":69},"skip":true},"39":{"start":{"line":128,"column":16},"end":{"line":128,"column":75},"skip":true},"40":{"start":{"line":129,"column":16},"end":{"line":131,"column":17},"skip":true},"41":{"start":{"line":130,"column":20},"end":{"line":130,"column":27},"skip":true},"42":{"start":{"line":133,"column":16},"end":{"line":137,"column":36},"skip":true},"43":{"start":{"line":134,"column":20},"end":{"line":136,"column":55},"skip":true},"44":{"start":{"line":139,"column":16},"end":{"line":139,"column":57},"skip":true},"45":{"start":{"line":143,"column":8},"end":{"line":147,"column":11},"skip":true},"46":{"start":{"line":144,"column":12},"end":{"line":146,"column":15},"skip":true},"47":{"start":{"line":145,"column":16},"end":{"line":145,"column":70},"skip":true},"48":{"start":{"line":149,"column":8},"end":{"line":149,"column":31},"skip":true},"49":{"start":{"line":150,"column":8},"end":{"line":150,"column":14},"skip":true},"50":{"start":{"line":158,"column":8},"end":{"line":158,"column":31},"skip":true},"51":{"start":{"line":160,"column":8},"end":{"line":160,"column":33},"skip":true},"52":{"start":{"line":161,"column":8},"end":{"line":161,"column":37},"skip":true},"53":{"start":{"line":162,"column":8},"end":{"line":162,"column":35},"skip":true},"54":{"start":{"line":164,"column":8},"end":{"line":164,"column":50},"skip":true},"55":{"start":{"line":166,"column":8},"end":{"line":256,"column":2},"skip":true},"56":{"start":{"line":258,"column":8},"end":{"line":286,"column":9},"skip":true},"57":{"start":{"line":259,"column":12},"end":{"line":269,"column":14},"skip":true},"58":{"start":{"line":271,"column":12},"end":{"line":285,"column":19},"skip":true},"59":{"start":{"line":274,"column":20},"end":{"line":274,"column":35},"skip":true},"60":{"start":{"line":275,"column":20},"end":{"line":284,"column":21},"skip":true},"61":{"start":{"line":277,"column":24},"end":{"line":277,"column":64},"skip":true},"62":{"start":{"line":279,"column":24},"end":{"line":279,"column":40},"skip":true},"63":{"start":{"line":281,"column":24},"end":{"line":281,"column":40},"skip":true},"64":{"start":{"line":283,"column":24},"end":{"line":283,"column":39},"skip":true},"65":{"start":{"line":288,"column":8},"end":{"line":290,"column":9},"skip":true},"66":{"start":{"line":289,"column":12},"end":{"line":289,"column":18},"skip":true},"67":{"start":{"line":291,"column":8},"end":{"line":293,"column":54},"skip":true},"68":{"start":{"line":296,"column":8},"end":{"line":301,"column":37},"skip":true},"69":{"start":{"line":303,"column":8},"end":{"line":303,"column":82},"skip":true},"70":{"start":{"line":306,"column":8},"end":{"line":308,"column":9},"skip":true},"71":{"start":{"line":307,"column":12},"end":{"line":307,"column":82},"skip":true},"72":{"start":{"line":310,"column":8},"end":{"line":312,"column":9},"skip":true},"73":{"start":{"line":311,"column":12},"end":{"line":311,"column":18},"skip":true},"74":{"start":{"line":313,"column":8},"end":{"line":313,"column":54},"skip":true},"75":{"start":{"line":314,"column":8},"end":{"line":314,"column":69},"skip":true},"76":{"start":{"line":315,"column":8},"end":{"line":323,"column":36},"skip":true},"77":{"start":{"line":316,"column":12},"end":{"line":316,"column":61},"skip":true},"78":{"start":{"line":317,"column":12},"end":{"line":320,"column":13},"skip":true},"79":{"start":{"line":318,"column":16},"end":{"line":318,"column":75},"skip":true},"80":{"start":{"line":319,"column":16},"end":{"line":319,"column":23},"skip":true},"81":{"start":{"line":321,"column":12},"end":{"line":321,"column":38},"skip":true},"82":{"start":{"line":322,"column":12},"end":{"line":322,"column":27},"skip":true},"83":{"start":{"line":324,"column":8},"end":{"line":324,"column":14},"skip":true}},"branchMap":{"1":{"line":39,"type":"binary-expr","locations":[{"start":{"line":39,"column":23},"end":{"line":39,"column":62}},{"start":{"line":40,"column":20},"end":{"line":40,"column":70}},{"start":{"line":41,"column":20},"end":{"line":41,"column":71}},{"start":{"line":42,"column":20},"end":{"line":42,"column":29}}]},"2":{"line":44,"type":"binary-expr","locations":[{"start":{"line":44,"column":23},"end":{"line":44,"column":37}},{"start":{"line":45,"column":20},"end":{"line":45,"column":61}},{"start":{"line":46,"column":20},"end":{"line":46,"column":70}},{"start":{"line":47,"column":20},"end":{"line":47,"column":26}}]},"3":{"line":51,"type":"cond-expr","locations":[{"start":{"line":52,"column":14},"end":{"line":52,"column":20}},{"start":{"line":53,"column":14},"end":{"line":53,"column":20}}]},"4":{"line":55,"type":"binary-expr","locations":[{"start":{"line":55,"column":16},"end":{"line":55,"column":44}},{"start":{"line":55,"column":49},"end":{"line":57,"column":43}}]},"5":{"line":55,"type":"cond-expr","locations":[{"start":{"line":56,"column":14},"end":{"line":56,"column":50}},{"start":{"line":57,"column":14},"end":{"line":57,"column":43}}]},"6":{"line":61,"type":"switch","locations":[{"start":{"line":68,"column":4},"end":{"line":150,"column":14},"skip":true},{"start":{"line":156,"column":4},"end":{"line":324,"column":14},"skip":true}]},"7":{"line":70,"type":"if","locations":[{"start":{"line":70,"column":12},"end":{"line":70,"column":12},"skip":true},{"start":{"line":70,"column":12},"end":{"line":70,"column":12},"skip":true}]},"8":{"line":70,"type":"binary-expr","locations":[{"start":{"line":70,"column":16},"end":{"line":70,"column":22},"skip":true},{"start":{"line":70,"column":27},"end":{"line":70,"column":32},"skip":true},{"start":{"line":71,"column":20},"end":{"line":71,"column":39},"skip":true},{"start":{"line":72,"column":20},"end":{"line":72,"column":49},"skip":true},{"start":{"line":73,"column":20},"end":{"line":73,"column":58},"skip":true},{"start":{"line":74,"column":20},"end":{"line":74,"column":69},"skip":true}]},"9":{"line":79,"type":"switch","locations":[{"start":{"line":80,"column":20},"end":{"line":80,"column":33},"skip":true},{"start":{"line":81,"column":20},"end":{"line":83,"column":30},"skip":true},{"start":{"line":84,"column":20},"end":{"line":85,"column":49},"skip":true}]},"10":{"line":89,"type":"switch","locations":[{"start":{"line":90,"column":12},"end":{"line":103,"column":22},"skip":true},{"start":{"line":105,"column":12},"end":{"line":106,"column":22},"skip":true}]},"11":{"line":89,"type":"binary-expr","locations":[{"start":{"line":89,"column":20},"end":{"line":89,"column":25},"skip":true},{"start":{"line":89,"column":29},"end":{"line":89,"column":48},"skip":true},{"start":{"line":89,"column":52},"end":{"line":89,"column":74},"skip":true}]},"12":{"line":92,"type":"if","locations":[{"start":{"line":92,"column":16},"end":{"line":92,"column":16},"skip":true},{"start":{"line":92,"column":16},"end":{"line":92,"column":16},"skip":true}]},"13":{"line":108,"type":"if","locations":[{"start":{"line":108,"column":12},"end":{"line":108,"column":12},"skip":true},{"start":{"line":108,"column":12},"end":{"line":108,"column":12},"skip":true}]},"14":{"line":108,"type":"binary-expr","locations":[{"start":{"line":108,"column":16},"end":{"line":108,"column":61},"skip":true},{"start":{"line":108,"column":66},"end":{"line":108,"column":72},"skip":true},{"start":{"line":108,"column":77},"end":{"line":108,"column":82},"skip":true},{"start":{"line":109,"column":20},"end":{"line":109,"column":39},"skip":true},{"start":{"line":110,"column":20},"end":{"line":110,"column":49},"skip":true},{"start":{"line":111,"column":20},"end":{"line":111,"column":58},"skip":true},{"start":{"line":112,"column":20},"end":{"line":112,"column":68},"skip":true}]},"15":{"line":129,"type":"if","locations":[{"start":{"line":129,"column":16},"end":{"line":129,"column":16},"skip":true},{"start":{"line":129,"column":16},"end":{"line":129,"column":16},"skip":true}]},"16":{"line":134,"type":"cond-expr","locations":[{"start":{"line":135,"column":26},"end":{"line":135,"column":29},"skip":true},{"start":{"line":136,"column":26},"end":{"line":136,"column":54},"skip":true}]},"17":{"line":164,"type":"binary-expr","locations":[{"start":{"line":164,"column":27},"end":{"line":164,"column":43},"skip":true},{"start":{"line":164,"column":47},"end":{"line":164,"column":49},"skip":true}]},"18":{"line":258,"type":"if","locations":[{"start":{"line":258,"column":8},"end":{"line":258,"column":8},"skip":true},{"start":{"line":258,"column":8},"end":{"line":258,"column":8},"skip":true}]},"19":{"line":275,"type":"switch","locations":[{"start":{"line":276,"column":20},"end":{"line":277,"column":64},"skip":true},{"start":{"line":278,"column":20},"end":{"line":279,"column":40},"skip":true},{"start":{"line":280,"column":20},"end":{"line":281,"column":40},"skip":true},{"start":{"line":282,"column":20},"end":{"line":283,"column":39},"skip":true}]},"20":{"line":288,"type":"if","locations":[{"start":{"line":288,"column":8},"end":{"line":288,"column":8},"skip":true},{"start":{"line":288,"column":8},"end":{"line":288,"column":8},"skip":true}]},"21":{"line":288,"type":"binary-expr","locations":[{"start":{"line":288,"column":12},"end":{"line":288,"column":40},"skip":true},{"start":{"line":288,"column":44},"end":{"line":288,"column":67},"skip":true}]},"22":{"line":292,"type":"binary-expr","locations":[{"start":{"line":292,"column":12},"end":{"line":292,"column":50},"skip":true},{"start":{"line":293,"column":12},"end":{"line":293,"column":53},"skip":true}]},"23":{"line":297,"type":"binary-expr","locations":[{"start":{"line":297,"column":12},"end":{"line":297,"column":64},"skip":true},{"start":{"line":298,"column":12},"end":{"line":301,"column":36},"skip":true}]},"24":{"line":303,"type":"binary-expr","locations":[{"start":{"line":303,"column":43},"end":{"line":303,"column":75},"skip":true},{"start":{"line":303,"column":79},"end":{"line":303,"column":81},"skip":true}]},"25":{"line":306,"type":"if","locations":[{"start":{"line":306,"column":8},"end":{"line":306,"column":8},"skip":true},{"start":{"line":306,"column":8},"end":{"line":306,"column":8},"skip":true}]},"26":{"line":310,"type":"if","locations":[{"start":{"line":310,"column":8},"end":{"line":310,"column":8},"skip":true},{"start":{"line":310,"column":8},"end":{"line":310,"column":8},"skip":true}]},"27":{"line":313,"type":"binary-expr","locations":[{"start":{"line":313,"column":27},"end":{"line":313,"column":43},"skip":true},{"start":{"line":313,"column":47},"end":{"line":313,"column":53},"skip":true}]},"28":{"line":317,"type":"if","locations":[{"start":{"line":317,"column":12},"end":{"line":317,"column":12},"skip":true},{"start":{"line":317,"column":12},"end":{"line":317,"column":12},"skip":true}]}},"code":["/*","example.js","","quickstart example","","instruction","    1. save this script as example.js","    2. run the shell command:","        $ npm install npmtest-vueify && PORT=8081 node example.js","    3. play with the browser-demo on http://127.0.0.1:8081","*/","","","","/* istanbul instrument in package npmtest_vueify */","/*jslint","    bitwise: true,","    browser: true,","    maxerr: 8,","    maxlen: 96,","    node: true,","    nomen: true,","    regexp: true,","    stupid: true","*/","(function () {","    'use strict';","    var local;","","","","    // run shared js-env code - pre-init","    (function () {","        // init local","        local = {};","        // init modeJs","        local.modeJs = (function () {","            try {","                return typeof navigator.userAgent === 'string' &&","                    typeof document.querySelector('body') === 'object' &&","                    typeof XMLHttpRequest.prototype.open === 'function' &&","                    'browser';","            } catch (errorCaughtBrowser) {","                return module.exports &&","                    typeof process.versions.node === 'string' &&","                    typeof require('http').createServer === 'function' &&","                    'node';","            }","        }());","        // init global","        local.global = local.modeJs === 'browser'","            ? window","            : global;","        // init utility2_rollup","        local = local.global.utility2_rollup || (local.modeJs === 'browser'","            ? local.global.utility2_npmtest_vueify","            : global.utility2_moduleExports);","        // export local","        local.global.local = local;","    }());","    switch (local.modeJs) {","","","","    // post-init","    // run browser js-env code - post-init","    /* istanbul ignore next */","    case 'browser':","        local.testRunBrowser = function (event) {","            if (!event || (event &&","                    event.currentTarget &&","                    event.currentTarget.className &&","                    event.currentTarget.className.includes &&","                    event.currentTarget.className.includes('onreset'))) {","                // reset output","                Array.from(","                    document.querySelectorAll('body > .resettable')","                ).forEach(function (element) {","                    switch (element.tagName) {","                    case 'INPUT':","                    case 'TEXTAREA':","                        element.value = '';","                        break;","                    default:","                        element.textContent = '';","                    }","                });","            }","            switch (event && event.currentTarget && event.currentTarget.id) {","            case 'testRunButton1':","                // show tests","                if (document.querySelector('#testReportDiv1').style.display === 'none') {","                    document.querySelector('#testReportDiv1').style.display = 'block';","                    document.querySelector('#testRunButton1').textContent =","                        'hide internal test';","                    local.modeTest = true;","                    local.testRunDefault(local);","                // hide tests","                } else {","                    document.querySelector('#testReportDiv1').style.display = 'none';","                    document.querySelector('#testRunButton1').textContent = 'run internal test';","                }","                break;","            // custom-case","            default:","                break;","            }","            if (document.querySelector('#inputTextareaEval1') && (!event || (event &&","                    event.currentTarget &&","                    event.currentTarget.className &&","                    event.currentTarget.className.includes &&","                    event.currentTarget.className.includes('oneval')))) {","                // try to eval input-code","                try {","                    /*jslint evil: true*/","                    eval(document.querySelector('#inputTextareaEval1').value);","                } catch (errorCaught) {","                    console.error(errorCaught);","                }","            }","        };","        // log stderr and stdout to #outputTextareaStdout1","        ['error', 'log'].forEach(function (key) {","            console[key + '_original'] = console[key];","            console[key] = function () {","                var element;","                console[key + '_original'].apply(console, arguments);","                element = document.querySelector('#outputTextareaStdout1');","                if (!element) {","                    return;","                }","                // append text to #outputTextareaStdout1","                element.value += Array.from(arguments).map(function (arg) {","                    return typeof arg === 'string'","                        ? arg","                        : JSON.stringify(arg, null, 4);","                }).join(' ') + '\\n';","                // scroll textarea to bottom","                element.scrollTop = element.scrollHeight;","            };","        });","        // init event-handling","        ['change', 'click', 'keyup'].forEach(function (event) {","            Array.from(document.querySelectorAll('.on' + event)).forEach(function (element) {","                element.addEventListener(event, local.testRunBrowser);","            });","        });","        // run tests","        local.testRunBrowser();","        break;","","","","    // run node js-env code - post-init","    /* istanbul ignore next */","    case 'node':","        // export local","        module.exports = local;","        // require modules","        local.fs = require('fs');","        local.http = require('http');","        local.url = require('url');","        // init assets","        local.assetsDict = local.assetsDict || {};","        /* jslint-ignore-begin */","        local.assetsDict['/assets.index.template.html'] = '\\","<!doctype html>\\n\\","<html lang=\"en\">\\n\\","<head>\\n\\","<meta charset=\"UTF-8\">\\n\\","<meta name=\"viewport\" content=\"width=device-width, initial-scale=1\">\\n\\","<title>{{env.npm_package_name}} (v{{env.npm_package_version}})</title>\\n\\","<style>\\n\\","/*csslint\\n\\","    box-sizing: false,\\n\\","    universal-selector: false\\n\\","*/\\n\\","* {\\n\\","    box-sizing: border-box;\\n\\","}\\n\\","body {\\n\\","    background: #dde;\\n\\","    font-family: Arial, Helvetica, sans-serif;\\n\\","    margin: 2rem;\\n\\","}\\n\\","body > * {\\n\\","    margin-bottom: 1rem;\\n\\","}\\n\\",".utility2FooterDiv {\\n\\","    margin-top: 20px;\\n\\","    text-align: center;\\n\\","}\\n\\","</style>\\n\\","<style>\\n\\","/*csslint\\n\\","*/\\n\\","textarea {\\n\\","    font-family: monospace;\\n\\","    height: 10rem;\\n\\","    width: 100%;\\n\\","}\\n\\","textarea[readonly] {\\n\\","    background: #ddd;\\n\\","}\\n\\","</style>\\n\\","</head>\\n\\","<body>\\n\\","<!-- utility2-comment\\n\\","<div id=\"ajaxProgressDiv1\" style=\"background: #d00; height: 2px; left: 0; margin: 0; padding: 0; position: fixed; top: 0; transition: background 0.5s, width 1.5s; width: 25%;\"></div>\\n\\","utility2-comment -->\\n\\","<h1>\\n\\","<!-- utility2-comment\\n\\","    <a\\n\\","        {{#if env.npm_package_homepage}}\\n\\","        href=\"{{env.npm_package_homepage}}\"\\n\\","        {{/if env.npm_package_homepage}}\\n\\","        target=\"_blank\"\\n\\","    >\\n\\","utility2-comment -->\\n\\","        {{env.npm_package_name}} (v{{env.npm_package_version}})\\n\\","<!-- utility2-comment\\n\\","    </a>\\n\\","utility2-comment -->\\n\\","</h1>\\n\\","<h3>{{env.npm_package_description}}</h3>\\n\\","<!-- utility2-comment\\n\\","<h4><a download href=\"assets.app.js\">download standalone app</a></h4>\\n\\","<button class=\"onclick onreset\" id=\"testRunButton1\">run internal test</button><br>\\n\\","<div id=\"testReportDiv1\" style=\"display: none;\"></div>\\n\\","utility2-comment -->\\n\\","\\n\\","\\n\\","\\n\\","<label>stderr and stdout</label>\\n\\","<textarea class=\"resettable\" id=\"outputTextareaStdout1\" readonly></textarea>\\n\\","<!-- utility2-comment\\n\\","{{#if isRollup}}\\n\\","<script src=\"assets.app.js\"></script>\\n\\","{{#unless isRollup}}\\n\\","utility2-comment -->\\n\\","<script src=\"assets.utility2.rollup.js\"></script>\\n\\","<script src=\"jsonp.utility2._stateInit?callback=window.utility2._stateInit\"></script>\\n\\","<script src=\"assets.npmtest_vueify.rollup.js\"></script>\\n\\","<script src=\"assets.example.js\"></script>\\n\\","<script src=\"assets.test.js\"></script>\\n\\","<!-- utility2-comment\\n\\","{{/if isRollup}}\\n\\","utility2-comment -->\\n\\","<div class=\"utility2FooterDiv\">\\n\\","    [ this app was created with\\n\\","    <a href=\"https://github.com/kaizhu256/node-utility2\" target=\"_blank\">utility2</a>\\n\\","    ]\\n\\","</div>\\n\\","</body>\\n\\","</html>\\n\\","';","        /* jslint-ignore-end */","        if (local.templateRender) {","            local.assetsDict['/'] = local.templateRender(","                local.assetsDict['/assets.index.template.html'],","                {","                    env: local.objectSetDefault(local.env, {","                        npm_package_description: 'the greatest app in the world!',","                        npm_package_name: 'my-app',","                        npm_package_nameAlias: 'my_app',","                        npm_package_version: '0.0.1'","                    })","                }","            );","        } else {","            local.assetsDict['/'] = local.assetsDict['/assets.index.template.html']","                .replace((/\\{\\{env\\.(\\w+?)\\}\\}/g), function (match0, match1) {","                    // jslint-hack","                    String(match0);","                    switch (match1) {","                    case 'npm_package_description':","                        return 'the greatest app in the world!';","                    case 'npm_package_name':","                        return 'my-app';","                    case 'npm_package_nameAlias':","                        return 'my_app';","                    case 'npm_package_version':","                        return '0.0.1';","                    }","                });","        }","        // run the cli","        if (local.global.utility2_rollup || module !== require.main) {","            break;","        }","        local.assetsDict['/assets.example.js'] =","            local.assetsDict['/assets.example.js'] ||","            local.fs.readFileSync(__filename, 'utf8');","        // bug-workaround - long $npm_package_buildCustomOrg","        /* jslint-ignore-begin */","        local.assetsDict['/assets.npmtest_vueify.rollup.js'] =","            local.assetsDict['/assets.npmtest_vueify.rollup.js'] ||","            local.fs.readFileSync(","                local.npmtest_vueify.__dirname + '/lib.npmtest_vueify.js',","                'utf8'","            ).replace((/^#!/), '//');","        /* jslint-ignore-end */","        local.assetsDict['/favicon.ico'] = local.assetsDict['/favicon.ico'] || '';","        // if $npm_config_timeout_exit exists,","        // then exit this process after $npm_config_timeout_exit ms","        if (Number(process.env.npm_config_timeout_exit)) {","            setTimeout(process.exit, Number(process.env.npm_config_timeout_exit));","        }","        // start server","        if (local.global.utility2_serverHttp1) {","            break;","        }","        process.env.PORT = process.env.PORT || '8081';","        console.error('server starting on port ' + process.env.PORT);","        local.http.createServer(function (request, response) {","            request.urlParsed = local.url.parse(request.url);","            if (local.assetsDict[request.urlParsed.pathname] !== undefined) {","                response.end(local.assetsDict[request.urlParsed.pathname]);","                return;","            }","            response.statusCode = 404;","            response.end();","        }).listen(process.env.PORT);","        break;","    }","}());",""],"l":{"26":2,"28":2,"33":2,"35":2,"37":2,"38":2,"39":2,"44":1,"51":2,"55":2,"59":2,"61":2,"69":1,"70":2,"76":2,"79":2,"82":2,"83":2,"85":1,"89":2,"92":1,"93":1,"94":1,"96":1,"97":1,"100":1,"101":1,"103":1,"106":1,"108":2,"114":1,"116":1,"118":1,"123":1,"124":2,"125":2,"126":3,"127":3,"128":3,"129":3,"130":1,"133":3,"134":3,"139":3,"143":1,"144":3,"145":1,"149":1,"150":1,"158":1,"160":1,"161":1,"162":1,"164":1,"166":1,"258":1,"259":1,"271":1,"274":6,"275":6,"277":1,"279":2,"281":1,"283":2,"288":1,"289":1,"291":1,"296":1,"303":1,"306":1,"307":1,"310":1,"311":1,"313":1,"314":1,"315":1,"316":1,"317":1,"318":1,"319":1,"321":1,"322":1,"324":1}},"/home/travis/build/npmtest/node-npmtest-vueify/node_modules/vueify/index.js":{"path":"/home/travis/build/npmtest/node-npmtest-vueify/node_modules/vueify/index.js","s":{"1":1,"2":1,"3":1,"4":0,"5":0,"6":0,"7":0,"8":0,"9":0,"10":0,"11":0,"12":1,"13":0,"14":1,"15":0,"16":1,"17":0,"18":1,"19":0,"20":0,"21":0,"22":0,"23":0,"24":0,"25":0,"26":0,"27":0,"28":0,"29":0,"30":0,"31":1},"b":{"1":[0,0],"2":[0,0]},"f":{"1":0,"2":0,"3":0,"4":0,"5":0,"6":0},"fnMap":{"1":{"name":"vueify","line":4,"loc":{"start":{"line":4,"column":17},"end":{"line":4,"column":49}}},"2":{"name":"dependency","line":19,"loc":{"start":{"line":19,"column":2},"end":{"line":19,"column":29}}},"3":{"name":"emitStyle","line":23,"loc":{"start":{"line":23,"column":2},"end":{"line":23,"column":25}}},"4":{"name":"write","line":27,"loc":{"start":{"line":27,"column":2},"end":{"line":27,"column":23}}},"5":{"name":"end","line":31,"loc":{"start":{"line":31,"column":2},"end":{"line":31,"column":18}}},"6":{"name":"(anonymous_6)","line":36,"loc":{"start":{"line":36,"column":33},"end":{"line":36,"column":58}}}},"statementMap":{"1":{"start":{"line":1,"column":0},"end":{"line":1,"column":32}},"2":{"start":{"line":2,"column":0},"end":{"line":2,"column":40}},"3":{"start":{"line":4,"column":0},"end":{"line":50,"column":1}},"4":{"start":{"line":5,"column":2},"end":{"line":7,"column":3}},"5":{"start":{"line":6,"column":4},"end":{"line":6,"column":20}},"6":{"start":{"line":9,"column":2},"end":{"line":9,"column":23}},"7":{"start":{"line":10,"column":2},"end":{"line":10,"column":31}},"8":{"start":{"line":11,"column":2},"end":{"line":13,"column":4}},"9":{"start":{"line":15,"column":2},"end":{"line":15,"column":15}},"10":{"start":{"line":16,"column":2},"end":{"line":16,"column":34}},"11":{"start":{"line":17,"column":2},"end":{"line":17,"column":22}},"12":{"start":{"line":19,"column":2},"end":{"line":21,"column":3}},"13":{"start":{"line":20,"column":4},"end":{"line":20,"column":29}},"14":{"start":{"line":23,"column":2},"end":{"line":25,"column":3}},"15":{"start":{"line":24,"column":4},"end":{"line":24,"column":34}},"16":{"start":{"line":27,"column":2},"end":{"line":29,"column":3}},"17":{"start":{"line":28,"column":4},"end":{"line":28,"column":15}},"18":{"start":{"line":31,"column":2},"end":{"line":47,"column":3}},"19":{"start":{"line":32,"column":4},"end":{"line":32,"column":29}},"20":{"start":{"line":33,"column":4},"end":{"line":33,"column":41}},"21":{"start":{"line":34,"column":4},"end":{"line":34,"column":35}},"22":{"start":{"line":36,"column":4},"end":{"line":46,"column":6}},"23":{"start":{"line":37,"column":6},"end":{"line":37,"column":55}},"24":{"start":{"line":38,"column":6},"end":{"line":38,"column":49}},"25":{"start":{"line":39,"column":6},"end":{"line":43,"column":7}},"26":{"start":{"line":40,"column":8},"end":{"line":40,"column":35}},"27":{"start":{"line":42,"column":8},"end":{"line":42,"column":56}},"28":{"start":{"line":44,"column":6},"end":{"line":44,"column":26}},"29":{"start":{"line":45,"column":6},"end":{"line":45,"column":24}},"30":{"start":{"line":49,"column":2},"end":{"line":49,"column":15}},"31":{"start":{"line":53,"column":0},"end":{"line":53,"column":34}}},"branchMap":{"1":{"line":5,"type":"if","locations":[{"start":{"line":5,"column":2},"end":{"line":5,"column":2}},{"start":{"line":5,"column":2},"end":{"line":5,"column":2}}]},"2":{"line":39,"type":"if","locations":[{"start":{"line":39,"column":6},"end":{"line":39,"column":6}},{"start":{"line":39,"column":6},"end":{"line":39,"column":6}}]}},"code":["var through = require('through')","var compiler = require('./lib/compiler')","","module.exports = function vueify (file, options) {","  if (!/.vue$/.test(file)) {","    return through()","  }","","  compiler.loadConfig()","  compiler.applyConfig(options)","  compiler.applyConfig({","    sourceMap: options._flags.debug","  })","","  var data = ''","  var stream = through(write, end)","  stream.vueify = true","","  function dependency (file) {","    stream.emit('file', file)","  }","","  function emitStyle (e) {","    stream.emit('vueify-style', e)","  }","","  function write (buf) {","    data += buf","  }","","  function end () {","    stream.emit('file', file)","    compiler.on('dependency', dependency)","    compiler.on('style', emitStyle)","","    compiler.compile(data, file, function (error, result) {","      compiler.removeListener('dependency', dependency)","      compiler.removeListener('style', emitStyle)","      if (error) {","        stream.emit('error', error)","        // browserify doesn't log the stack by default...","        console.error(error.stack.replace(/^.*?\\n/, ''))","      }","      stream.queue(result)","      stream.queue(null)","    })","  }","","  return stream","}","","// expose compiler","module.exports.compiler = compiler",""],"l":{"1":1,"2":1,"4":1,"5":0,"6":0,"9":0,"10":0,"11":0,"15":0,"16":0,"17":0,"19":1,"20":0,"23":1,"24":0,"27":1,"28":0,"31":1,"32":0,"33":0,"34":0,"36":0,"37":0,"38":0,"39":0,"40":0,"42":0,"44":0,"45":0,"49":0,"53":1}},"/home/travis/build/npmtest/node-npmtest-vueify/node_modules/vueify/lib/compiler.js":{"path":"/home/travis/build/npmtest/node-npmtest-vueify/node_modules/vueify/lib/compiler.js","s":{"1":1,"2":1,"3":1,"4":1,"5":1,"6":1,"7":1,"8":1,"9":1,"10":1,"11":1,"12":1,"13":1,"14":1,"15":1,"16":1,"17":1,"18":1,"19":1,"20":1,"21":1,"22":1,"23":1,"24":1,"25":1,"26":0,"27":0,"28":0,"29":0,"30":0,"31":1,"32":0,"33":0,"34":0,"35":0,"36":0,"37":1,"38":0,"39":0,"40":0,"41":0,"42":0,"43":0,"44":0,"45":0,"46":0,"47":0,"48":1,"49":0,"50":0,"51":0,"52":0,"53":0,"54":0,"55":0,"56":0,"57":0,"58":0,"59":0,"60":0,"61":0,"62":0,"63":0,"64":0,"65":0,"66":0,"67":0,"68":0,"69":0,"70":0,"71":0,"72":0,"73":0,"74":0,"75":0,"76":0,"77":0,"78":0,"79":0,"80":0,"81":0,"82":0,"83":0,"84":1,"85":0,"86":0,"87":0,"88":0,"89":0,"90":0,"91":0,"92":0,"93":0,"94":0,"95":0,"96":0,"97":0,"98":1,"99":0,"100":0,"101":0,"102":0,"103":1,"104":0,"105":0,"106":0,"107":0,"108":0,"109":1,"110":0,"111":0,"112":0,"113":0,"114":0,"115":0,"116":0,"117":0,"118":0,"119":1,"120":0,"121":0,"122":0,"123":0,"124":0,"125":1,"126":0,"127":1,"128":0,"129":0,"130":0,"131":0,"132":0,"133":0,"134":1,"135":0,"136":0,"137":0,"138":0,"139":0,"140":0,"141":0,"142":0,"143":0,"144":0,"145":0},"b":{"1":[0,0],"2":[0,0],"3":[0,0],"4":[0,0],"5":[0,0],"6":[0,0],"7":[0,0],"8":[0,0],"9":[0,0],"10":[0,0],"11":[0,0],"12":[0,0],"13":[0,0],"14":[0,0],"15":[0,0],"16":[0,0,0],"17":[0,0],"18":[0,0],"19":[0,0],"20":[0,0],"21":[0,0],"22":[0,0],"23":[0,0],"24":[0,0],"25":[0,0],"26":[0,0],"27":[0,0],"28":[0,0],"29":[0,0],"30":[0,0],"31":[0,0],"32":[0,0],"33":[0,0],"34":[0,0]},"f":{"1":0,"2":0,"3":0,"4":0,"5":0,"6":0,"7":0,"8":0,"9":0,"10":0,"11":0,"12":0,"13":0,"14":0,"15":0,"16":0,"17":0,"18":0,"19":0,"20":0,"21":0,"22":0,"23":0,"24":0},"fnMap":{"1":{"name":"(anonymous_1)","line":38,"loc":{"start":{"line":38,"column":22},"end":{"line":38,"column":34}}},"2":{"name":"(anonymous_2)","line":48,"loc":{"start":{"line":48,"column":23},"end":{"line":48,"column":41}}},"3":{"name":"(anonymous_3)","line":50,"loc":{"start":{"line":50,"column":30},"end":{"line":50,"column":45}}},"4":{"name":"(anonymous_4)","line":55,"loc":{"start":{"line":55,"column":39},"end":{"line":55,"column":55}}},"5":{"name":"(anonymous_5)","line":62,"loc":{"start":{"line":62,"column":19},"end":{"line":62,"column":52}}},"6":{"name":"(anonymous_6)","line":73,"loc":{"start":{"line":73,"column":41},"end":{"line":73,"column":58}}},"7":{"name":"(anonymous_7)","line":86,"loc":{"start":{"line":86,"column":28},"end":{"line":86,"column":45}}},"8":{"name":"mergeParts","line":92,"loc":{"start":{"line":92,"column":2},"end":{"line":92,"column":25}}},"9":{"name":"generateSourceMap","line":187,"loc":{"start":{"line":187,"column":2},"end":{"line":187,"column":46}}},"10":{"name":"(anonymous_10)","line":196,"loc":{"start":{"line":196,"column":34},"end":{"line":196,"column":57}}},"11":{"name":"addTemplateMapping","line":220,"loc":{"start":{"line":220,"column":0},"end":{"line":220,"column":71}}},"12":{"name":"processTemplate","line":238,"loc":{"start":{"line":238,"column":0},"end":{"line":238,"column":49}}},"13":{"name":"(anonymous_13)","line":242,"loc":{"start":{"line":242,"column":10},"end":{"line":242,"column":25}}},"14":{"name":"processScript","line":247,"loc":{"start":{"line":247,"column":0},"end":{"line":247,"column":47}}},"15":{"name":"(anonymous_15)","line":252,"loc":{"start":{"line":252,"column":10},"end":{"line":252,"column":25}}},"16":{"name":"processStyle","line":262,"loc":{"start":{"line":262,"column":0},"end":{"line":262,"column":50}}},"17":{"name":"(anonymous_17)","line":265,"loc":{"start":{"line":265,"column":10},"end":{"line":265,"column":25}}},"18":{"name":"(anonymous_18)","line":267,"loc":{"start":{"line":267,"column":62},"end":{"line":267,"column":77}}},"19":{"name":"getContent","line":273,"loc":{"start":{"line":273,"column":0},"end":{"line":273,"column":37}}},"20":{"name":"loadSrc","line":279,"loc":{"start":{"line":279,"column":0},"end":{"line":279,"column":33}}},"21":{"name":"compileAsPromise","line":293,"loc":{"start":{"line":293,"column":0},"end":{"line":293,"column":57}}},"22":{"name":"(anonymous_22)","line":296,"loc":{"start":{"line":296,"column":23},"end":{"line":296,"column":50}}},"23":{"name":"(anonymous_23)","line":297,"loc":{"start":{"line":297,"column":22},"end":{"line":297,"column":42}}},"24":{"name":"(anonymous_24)","line":301,"loc":{"start":{"line":301,"column":29},"end":{"line":301,"column":41}}}},"statementMap":{"1":{"start":{"line":1,"column":0},"end":{"line":1,"column":22}},"2":{"start":{"line":2,"column":0},"end":{"line":2,"column":26}},"3":{"start":{"line":3,"column":0},"end":{"line":3,"column":28}},"4":{"start":{"line":4,"column":0},"end":{"line":4,"column":30}},"5":{"start":{"line":5,"column":0},"end":{"line":5,"column":44}},"6":{"start":{"line":6,"column":0},"end":{"line":6,"column":50}},"7":{"start":{"line":7,"column":0},"end":{"line":7,"column":37}},"8":{"start":{"line":8,"column":0},"end":{"line":8,"column":43}},"9":{"start":{"line":10,"column":0},"end":{"line":10,"column":31}},"10":{"start":{"line":11,"column":0},"end":{"line":11,"column":38}},"11":{"start":{"line":12,"column":0},"end":{"line":12,"column":38}},"12":{"start":{"line":13,"column":0},"end":{"line":13,"column":46}},"13":{"start":{"line":14,"column":0},"end":{"line":14,"column":52}},"14":{"start":{"line":17,"column":0},"end":{"line":17,"column":58}},"15":{"start":{"line":18,"column":0},"end":{"line":18,"column":47}},"16":{"start":{"line":20,"column":0},"end":{"line":20,"column":19}},"17":{"start":{"line":21,"column":0},"end":{"line":25,"column":1}},"18":{"start":{"line":22,"column":2},"end":{"line":22,"column":23}},"19":{"start":{"line":24,"column":2},"end":{"line":24,"column":18}},"20":{"start":{"line":27,"column":0},"end":{"line":27,"column":22}},"21":{"start":{"line":28,"column":0},"end":{"line":28,"column":44}},"22":{"start":{"line":31,"column":0},"end":{"line":31,"column":45}},"23":{"start":{"line":32,"column":0},"end":{"line":32,"column":34}},"24":{"start":{"line":35,"column":0},"end":{"line":35,"column":35}},"25":{"start":{"line":38,"column":0},"end":{"line":45,"column":1}},"26":{"start":{"line":39,"column":2},"end":{"line":39,"column":24}},"27":{"start":{"line":40,"column":2},"end":{"line":40,"column":28}},"28":{"start":{"line":41,"column":2},"end":{"line":41,"column":63}},"29":{"start":{"line":42,"column":2},"end":{"line":44,"column":3}},"30":{"start":{"line":43,"column":4},"end":{"line":43,"column":45}},"31":{"start":{"line":48,"column":0},"end":{"line":60,"column":1}},"32":{"start":{"line":50,"column":2},"end":{"line":59,"column":4}},"33":{"start":{"line":51,"column":4},"end":{"line":58,"column":5}},"34":{"start":{"line":52,"column":6},"end":{"line":52,"column":32}},"35":{"start":{"line":55,"column":6},"end":{"line":57,"column":8}},"36":{"start":{"line":56,"column":8},"end":{"line":56,"column":43}},"37":{"start":{"line":62,"column":0},"end":{"line":218,"column":1}},"38":{"start":{"line":63,"column":2},"end":{"line":63,"column":58}},"39":{"start":{"line":64,"column":2},"end":{"line":64,"column":49}},"40":{"start":{"line":65,"column":2},"end":{"line":65,"column":40}},"41":{"start":{"line":68,"column":2},"end":{"line":68,"column":38}},"42":{"start":{"line":70,"column":2},"end":{"line":70,"column":64}},"43":{"start":{"line":73,"column":2},"end":{"line":75,"column":4}},"44":{"start":{"line":74,"column":4},"end":{"line":74,"column":23}},"45":{"start":{"line":77,"column":2},"end":{"line":81,"column":3}},"46":{"start":{"line":83,"column":2},"end":{"line":90,"column":12}},"47":{"start":{"line":87,"column":4},"end":{"line":87,"column":59}},"48":{"start":{"line":92,"column":2},"end":{"line":185,"column":3}},"49":{"start":{"line":94,"column":4},"end":{"line":94,"column":48}},"50":{"start":{"line":95,"column":4},"end":{"line":95,"column":42}},"51":{"start":{"line":96,"column":4},"end":{"line":96,"column":65}},"52":{"start":{"line":97,"column":4},"end":{"line":97,"column":71}},"53":{"start":{"line":99,"column":4},"end":{"line":99,"column":19}},"54":{"start":{"line":100,"column":4},"end":{"line":100,"column":18}},"55":{"start":{"line":102,"column":4},"end":{"line":102,"column":47}},"56":{"start":{"line":103,"column":4},"end":{"line":114,"column":5}},"57":{"start":{"line":105,"column":6},"end":{"line":108,"column":8}},"58":{"start":{"line":109,"column":6},"end":{"line":113,"column":7}},"59":{"start":{"line":110,"column":8},"end":{"line":110,"column":37}},"60":{"start":{"line":111,"column":8},"end":{"line":112,"column":99}},"61":{"start":{"line":116,"column":4},"end":{"line":116,"column":37}},"62":{"start":{"line":117,"column":4},"end":{"line":125,"column":5}},"63":{"start":{"line":118,"column":6},"end":{"line":120,"column":7}},"64":{"start":{"line":119,"column":8},"end":{"line":119,"column":47}},"65":{"start":{"line":121,"column":6},"end":{"line":124,"column":82}},"66":{"start":{"line":127,"column":4},"end":{"line":129,"column":27}},"67":{"start":{"line":131,"column":4},"end":{"line":131,"column":41}},"68":{"start":{"line":132,"column":4},"end":{"line":150,"column":5}},"69":{"start":{"line":133,"column":6},"end":{"line":139,"column":7}},"70":{"start":{"line":134,"column":8},"end":{"line":138,"column":17}},"71":{"start":{"line":140,"column":6},"end":{"line":140,"column":21}},"72":{"start":{"line":141,"column":6},"end":{"line":143,"column":7}},"73":{"start":{"line":142,"column":8},"end":{"line":142,"column":50}},"74":{"start":{"line":144,"column":6},"end":{"line":146,"column":79}},"75":{"start":{"line":147,"column":6},"end":{"line":149,"column":7}},"76":{"start":{"line":148,"column":8},"end":{"line":148,"column":68}},"77":{"start":{"line":152,"column":4},"end":{"line":154,"column":5}},"78":{"start":{"line":153,"column":6},"end":{"line":153,"column":60}},"79":{"start":{"line":156,"column":4},"end":{"line":180,"column":5}},"80":{"start":{"line":157,"column":6},"end":{"line":179,"column":15}},"81":{"start":{"line":181,"column":4},"end":{"line":183,"column":5}},"82":{"start":{"line":182,"column":6},"end":{"line":182,"column":67}},"83":{"start":{"line":184,"column":4},"end":{"line":184,"column":20}},"84":{"start":{"line":187,"column":2},"end":{"line":217,"column":3}},"85":{"start":{"line":189,"column":4},"end":{"line":189,"column":81}},"86":{"start":{"line":190,"column":4},"end":{"line":190,"column":48}},"87":{"start":{"line":191,"column":4},"end":{"line":191,"column":49}},"88":{"start":{"line":193,"column":4},"end":{"line":193,"column":33}},"89":{"start":{"line":194,"column":4},"end":{"line":194,"column":71}},"90":{"start":{"line":195,"column":4},"end":{"line":195,"column":73}},"91":{"start":{"line":196,"column":4},"end":{"line":214,"column":6}},"92":{"start":{"line":197,"column":6},"end":{"line":197,"column":24}},"93":{"start":{"line":198,"column":6},"end":{"line":200,"column":12}},"94":{"start":{"line":201,"column":6},"end":{"line":213,"column":7}},"95":{"start":{"line":202,"column":8},"end":{"line":212,"column":10}},"96":{"start":{"line":215,"column":4},"end":{"line":215,"column":40}},"97":{"start":{"line":216,"column":4},"end":{"line":216,"column":14}},"98":{"start":{"line":220,"column":0},"end":{"line":236,"column":1}},"99":{"start":{"line":221,"column":2},"end":{"line":221,"column":47}},"100":{"start":{"line":222,"column":2},"end":{"line":222,"column":81}},"101":{"start":{"line":223,"column":2},"end":{"line":235,"column":3}},"102":{"start":{"line":224,"column":4},"end":{"line":234,"column":6}},"103":{"start":{"line":238,"column":0},"end":{"line":245,"column":1}},"104":{"start":{"line":239,"column":2},"end":{"line":239,"column":37}},"105":{"start":{"line":239,"column":13},"end":{"line":239,"column":37}},"106":{"start":{"line":240,"column":2},"end":{"line":240,"column":43}},"107":{"start":{"line":241,"column":2},"end":{"line":244,"column":6}},"108":{"start":{"line":243,"column":6},"end":{"line":243,"column":53}},"109":{"start":{"line":247,"column":0},"end":{"line":260,"column":1}},"110":{"start":{"line":248,"column":2},"end":{"line":248,"column":37}},"111":{"start":{"line":248,"column":13},"end":{"line":248,"column":37}},"112":{"start":{"line":249,"column":2},"end":{"line":249,"column":53}},"113":{"start":{"line":250,"column":2},"end":{"line":250,"column":41}},"114":{"start":{"line":251,"column":2},"end":{"line":259,"column":6}},"115":{"start":{"line":253,"column":6},"end":{"line":258,"column":7}},"116":{"start":{"line":254,"column":8},"end":{"line":254,"column":26}},"117":{"start":{"line":256,"column":8},"end":{"line":256,"column":31}},"118":{"start":{"line":257,"column":8},"end":{"line":257,"column":27}},"119":{"start":{"line":262,"column":0},"end":{"line":271,"column":1}},"120":{"start":{"line":263,"column":2},"end":{"line":263,"column":40}},"121":{"start":{"line":264,"column":2},"end":{"line":270,"column":6}},"122":{"start":{"line":266,"column":6},"end":{"line":266,"column":22}},"123":{"start":{"line":267,"column":6},"end":{"line":269,"column":8}},"124":{"start":{"line":268,"column":8},"end":{"line":268,"column":30}},"125":{"start":{"line":273,"column":0},"end":{"line":277,"column":1}},"126":{"start":{"line":274,"column":2},"end":{"line":276,"column":18}},"127":{"start":{"line":279,"column":0},"end":{"line":291,"column":1}},"128":{"start":{"line":280,"column":2},"end":{"line":280,"column":34}},"129":{"start":{"line":281,"column":2},"end":{"line":281,"column":38}},"130":{"start":{"line":282,"column":2},"end":{"line":282,"column":38}},"131":{"start":{"line":283,"column":2},"end":{"line":290,"column":3}},"132":{"start":{"line":284,"column":4},"end":{"line":284,"column":44}},"133":{"start":{"line":286,"column":4},"end":{"line":289,"column":6}},"134":{"start":{"line":293,"column":0},"end":{"line":313,"column":1}},"135":{"start":{"line":294,"column":2},"end":{"line":294,"column":31}},"136":{"start":{"line":295,"column":2},"end":{"line":312,"column":3}},"137":{"start":{"line":296,"column":4},"end":{"line":309,"column":6}},"138":{"start":{"line":297,"column":6},"end":{"line":308,"column":28}},"139":{"start":{"line":298,"column":8},"end":{"line":306,"column":9}},"140":{"start":{"line":300,"column":10},"end":{"line":304,"column":11}},"141":{"start":{"line":301,"column":12},"end":{"line":303,"column":14}},"142":{"start":{"line":302,"column":14},"end":{"line":302,"column":42}},"143":{"start":{"line":305,"column":10},"end":{"line":305,"column":28}},"144":{"start":{"line":307,"column":8},"end":{"line":307,"column":20}},"145":{"start":{"line":311,"column":4},"end":{"line":311,"column":34}}},"branchMap":{"1":{"line":42,"type":"if","locations":[{"start":{"line":42,"column":2},"end":{"line":42,"column":2}},{"start":{"line":42,"column":2},"end":{"line":42,"column":2}}]},"2":{"line":51,"type":"if","locations":[{"start":{"line":51,"column":4},"end":{"line":51,"column":4}},{"start":{"line":51,"column":4},"end":{"line":51,"column":4}}]},"3":{"line":94,"type":"binary-expr","locations":[{"start":{"line":94,"column":20},"end":{"line":94,"column":42}},{"start":{"line":94,"column":46},"end":{"line":94,"column":48}}]},"4":{"line":103,"type":"if","locations":[{"start":{"line":103,"column":4},"end":{"line":103,"column":4}},{"start":{"line":103,"column":4},"end":{"line":103,"column":4}}]},"5":{"line":103,"type":"binary-expr","locations":[{"start":{"line":103,"column":8},"end":{"line":103,"column":13}},{"start":{"line":103,"column":17},"end":{"line":103,"column":26}}]},"6":{"line":109,"type":"if","locations":[{"start":{"line":109,"column":6},"end":{"line":109,"column":6}},{"start":{"line":109,"column":6},"end":{"line":109,"column":6}}]},"7":{"line":117,"type":"if","locations":[{"start":{"line":117,"column":4},"end":{"line":117,"column":4}},{"start":{"line":117,"column":4},"end":{"line":117,"column":4}}]},"8":{"line":118,"type":"if","locations":[{"start":{"line":118,"column":6},"end":{"line":118,"column":6}},{"start":{"line":118,"column":6},"end":{"line":118,"column":6}}]},"9":{"line":132,"type":"if","locations":[{"start":{"line":132,"column":4},"end":{"line":132,"column":4}},{"start":{"line":132,"column":4},"end":{"line":132,"column":4}}]},"10":{"line":133,"type":"if","locations":[{"start":{"line":133,"column":6},"end":{"line":133,"column":6}},{"start":{"line":133,"column":6},"end":{"line":133,"column":6}}]},"11":{"line":133,"type":"binary-expr","locations":[{"start":{"line":133,"column":10},"end":{"line":133,"column":23}},{"start":{"line":133,"column":27},"end":{"line":133,"column":36}}]},"12":{"line":141,"type":"if","locations":[{"start":{"line":141,"column":6},"end":{"line":141,"column":6}},{"start":{"line":141,"column":6},"end":{"line":141,"column":6}}]},"13":{"line":147,"type":"if","locations":[{"start":{"line":147,"column":6},"end":{"line":147,"column":6}},{"start":{"line":147,"column":6},"end":{"line":147,"column":6}}]},"14":{"line":152,"type":"if","locations":[{"start":{"line":152,"column":4},"end":{"line":152,"column":4}},{"start":{"line":152,"column":4},"end":{"line":152,"column":4}}]},"15":{"line":156,"type":"if","locations":[{"start":{"line":156,"column":4},"end":{"line":156,"column":4}},{"start":{"line":156,"column":4},"end":{"line":156,"column":4}}]},"16":{"line":156,"type":"binary-expr","locations":[{"start":{"line":156,"column":8},"end":{"line":156,"column":21}},{"start":{"line":156,"column":25},"end":{"line":156,"column":32}},{"start":{"line":156,"column":36},"end":{"line":156,"column":45}}]},"17":{"line":164,"type":"cond-expr","locations":[{"start":{"line":165,"column":12},"end":{"line":165,"column":62}},{"start":{"line":166,"column":12},"end":{"line":166,"column":14}}]},"18":{"line":164,"type":"binary-expr","locations":[{"start":{"line":164,"column":9},"end":{"line":164,"column":14}},{"start":{"line":164,"column":18},"end":{"line":164,"column":37}}]},"19":{"line":172,"type":"cond-expr","locations":[{"start":{"line":173,"column":14},"end":{"line":173,"column":67}},{"start":{"line":174,"column":14},"end":{"line":176,"column":18}}]},"20":{"line":174,"type":"cond-expr","locations":[{"start":{"line":175,"column":16},"end":{"line":175,"column":71}},{"start":{"line":176,"column":16},"end":{"line":176,"column":18}}]},"21":{"line":181,"type":"if","locations":[{"start":{"line":181,"column":4},"end":{"line":181,"column":4}},{"start":{"line":181,"column":4},"end":{"line":181,"column":4}}]},"22":{"line":194,"type":"binary-expr","locations":[{"start":{"line":194,"column":24},"end":{"line":194,"column":29}},{"start":{"line":194,"column":33},"end":{"line":194,"column":71}}]},"23":{"line":195,"type":"cond-expr","locations":[{"start":{"line":195,"column":36},"end":{"line":195,"column":64}},{"start":{"line":195,"column":67},"end":{"line":195,"column":68}}]},"24":{"line":198,"type":"cond-expr","locations":[{"start":{"line":199,"column":10},"end":{"line":199,"column":73}},{"start":{"line":200,"column":10},"end":{"line":200,"column":12}}]},"25":{"line":201,"type":"if","locations":[{"start":{"line":201,"column":6},"end":{"line":201,"column":6}},{"start":{"line":201,"column":6},"end":{"line":201,"column":6}}]},"26":{"line":239,"type":"if","locations":[{"start":{"line":239,"column":2},"end":{"line":239,"column":2}},{"start":{"line":239,"column":2},"end":{"line":239,"column":2}}]},"27":{"line":248,"type":"if","locations":[{"start":{"line":248,"column":2},"end":{"line":248,"column":2}},{"start":{"line":248,"column":2},"end":{"line":248,"column":2}}]},"28":{"line":249,"type":"binary-expr","locations":[{"start":{"line":249,"column":13},"end":{"line":249,"column":22}},{"start":{"line":249,"column":27},"end":{"line":249,"column":52}}]},"29":{"line":249,"type":"cond-expr","locations":[{"start":{"line":249,"column":38},"end":{"line":249,"column":45}},{"start":{"line":249,"column":48},"end":{"line":249,"column":52}}]},"30":{"line":253,"type":"if","locations":[{"start":{"line":253,"column":6},"end":{"line":253,"column":6}},{"start":{"line":253,"column":6},"end":{"line":253,"column":6}}]},"31":{"line":274,"type":"cond-expr","locations":[{"start":{"line":275,"column":6},"end":{"line":275,"column":33}},{"start":{"line":276,"column":6},"end":{"line":276,"column":18}}]},"32":{"line":295,"type":"if","locations":[{"start":{"line":295,"column":2},"end":{"line":295,"column":2}},{"start":{"line":295,"column":2},"end":{"line":295,"column":2}}]},"33":{"line":298,"type":"if","locations":[{"start":{"line":298,"column":8},"end":{"line":298,"column":8}},{"start":{"line":298,"column":8},"end":{"line":298,"column":8}}]},"34":{"line":300,"type":"if","locations":[{"start":{"line":300,"column":10},"end":{"line":300,"column":10}},{"start":{"line":300,"column":10},"end":{"line":300,"column":10}}]}},"code":["var fs = require('fs')","var path = require('path')","var chalk = require('chalk')","var hash = require('hash-sum')","var Emitter = require('events').EventEmitter","var vueCompiler = require('vue-template-compiler')","var sourceMap = require('source-map')","var convert = require('convert-source-map')","","var genId = require('./gen-id')","var normalize = require('./normalize')","var compilers = require('./compilers')","var rewriteStyle = require('./style-rewriter')","var compileTemplate = require('./template-compiler')","","// determine dynamic script paths","var hotReloadAPIPath = normalize.dep('vue-hot-reload-api')","var insertCSSPath = normalize.lib('insert-css')","","var hasBabel = true","try {","  require('babel-core')","} catch (e) {","  hasBabel = false","}","","var splitRE = /\\r?\\n/g","var resolvedPartsCache = Object.create(null)","","// expose compiler","var compiler = module.exports = new Emitter()","compiler.setMaxListeners(Infinity)","","// options","var options = compiler.options = {}","","// load user config","compiler.loadConfig = function () {","  var fs = require('fs')","  var path = require('path')","  var configPath = path.resolve(process.cwd(), 'vue.config.js')","  if (fs.existsSync(configPath)) {","    compiler.applyConfig(require(configPath))","  }","}","","// apply config","compiler.applyConfig = function (config) {","  // copy user options to default options","  Object.keys(config).forEach(function (key) {","    if (key !== 'customCompilers') {","      options[key] = config[key]","    } else {","      // register compilers","      Object.keys(config[key]).forEach(function (name) {","        compilers[name] = config[key][name]","      })","    }","  })","}","","compiler.compile = function (content, filePath, cb) {","  var isProduction = process.env.NODE_ENV === 'production'","  var isServer = process.env.VUE_ENV === 'server'","  var isTest = !!process.env.VUEIFY_TEST","","  // generate css scope id","  var id = 'data-v-' + genId(filePath)","  // parse the component into parts","  var parts = vueCompiler.parseComponent(content, { pad: true })","","  // check for scoped style nodes","  var hasScopedStyle = parts.styles.some(function (style) {","    return style.scoped","  })","","  var resolvedParts = {","    template: null,","    script: null,","    styles: []","  }","","  Promise.all([","    processTemplate(parts.template, filePath, resolvedParts),","    processScript(parts.script, filePath, resolvedParts)","  ].concat(parts.styles.map(function (style) {","    return processStyle(style, filePath, id, resolvedParts)","  })))","  .then(mergeParts)","  .catch(cb)","","  function mergeParts () {","    // check whether script/template has changed","    var prevParts = resolvedPartsCache[id] || {}","    resolvedPartsCache[id] = resolvedParts","    var scriptChanged = resolvedParts.script !== prevParts.script","    var templateChanged = resolvedParts.template !== prevParts.template","","    var output = ''","    var map = null","    // styles","    var style = resolvedParts.styles.join('\\n')","    if (style && !isServer) {","      // emit style","      compiler.emit('style', {","        file: filePath,","        style: style","      })","      if (!options.extractCSS) {","        style = JSON.stringify(style)","        output +=","          'var __vueify_style_dispose__ = require(\"' + insertCSSPath + '\").insert(' + style + ')\\n'","      }","    }","    // script","    var script = resolvedParts.script","    if (script) {","      if (options.sourceMap) {","        map = generateSourceMap(script, output)","      }","      output +=","        ';(function(){\\n' + script + '\\n})()\\n' +","        // babel 6 compat","        'if (module.exports.__esModule) module.exports = module.exports.default\\n'","    }","    // in case the user exports with Vue.extend","    output += 'var __vue__options__ = (typeof module.exports === \"function\"' +","      '? module.exports.options' +","      ': module.exports)\\n'","    // template","    var template = resolvedParts.template","    if (template) {","      if (!isProduction && !isServer) {","        output +=","          'if (__vue__options__.functional) {console.error(\"' +","            '[vueify] functional components are not supported and ' +","            'should be defined in plain js files using render functions.' +","          '\")}\\n'","      }","      var beforeLines","      if
[...]
:{"name":"(anonymous_1)","line":3,"loc":{"start":{"line":3,"column":17},"end":{"line":3,"column":46}}}},"statementMap":{"1":{"start":{"line":1,"column":0},"end":{"line":1,"column":51}},"2":{"start":{"line":3,"column":0},"end":{"line":12,"column":1}},"3":{"start":{"line":4,"column":2},"end":{"line":4,"column":29}},"4":{"start":{"line":5,"column":2},"end":{"line":5,"column":26}},"5":{"start":{"line":6,"column":2},"end":{"line":10,"column":3}},"6":{"start":{"line":7,"column":4},"end":{"line":7,"column":61}},"7":{"start":{"line":9,"column":4},"end":{"line":9,"column":18}},"8":{"start":{"line":11,"column":2},"end":{"line":11,"column":16}}},"branchMap":{"1":{"line":7,"type":"binary-expr","locations":[{"start":{"line":7,"column":32},"end":{"line":7,"column":52}},{"start":{"line":7,"column":56},"end":{"line":7,"column":58}}]}},"code":["var ensureRequire = require('../ensure-require.js')","","module.exports = function (raw, cb, compiler) {","  ensureRequire('pug', 'pug')","  var pug = require('pug')","  try {","    var html = pug.compile(raw, compiler.options.pug || {})()","  } catch (err) {","    return cb(err)","  }","  cb(null, html)","}",""],"l":{"1":1,"3":1,"4":0,"5":0,"6":0,"7":0,"9":0,"11":0}},"/home/travis/build/npmtest/node-npmtest-vueify/node_modules/vueify/lib/style-rewriter.js":{"path":"/home/travis/build/npmtest/node-npmtest-vueify/node_modules/vueify/lib/style-rewriter.js","s":{"1":1,"2":1,"3":1,"4":1,"5":1,"6":1,"7":0,"8":0,"9":0,"10":0,"11":0,"12":0,"13":0,"14":0,"15":0,"16":0,"17":0,"18":0,"19":0,"20":1,"21":0,"22":0,"23":0,"24":0,"25":0,"26":0,"27":0,"28":0,"29":0,"30":0,"31":0,"32":0,"33":0,"34":0,"35":0,"36":0,"37":0,"38":0,"39":0,"40":0,"41":0},"b":{"1":[0,0],"2":[0,0],"3":[0,0],"4":[0,0],"5":[0,0],"6":[0,0],"7":[0,0],"8":[0,0],"9":[0,0],"10":[0,0],"11":[0,0],"12":[0,0],"13":[0,0]},"f":{"1":0,"2":0,"3":0,"4":0,"5":0,"6":0,"7":0,"8":0},"fnMap":{"1":{"name":"(anonymous_1)","line":7,"loc":{"start":{"line":7,"column":37},"end":{"line":7,"column":49}}},"2":{"name":"(anonymous_2)","line":8,"loc":{"start":{"line":8,"column":9},"end":{"line":8,"column":25}}},"3":{"name":"rewriteSelector","line":9,"loc":{"start":{"line":9,"column":14},"end":{"line":9,"column":46}}},"4":{"name":"(anonymous_4)","line":17,"loc":{"start":{"line":17,"column":37},"end":{"line":17,"column":58}}},"5":{"name":"(anonymous_5)","line":18,"loc":{"start":{"line":18,"column":23},"end":{"line":18,"column":43}}},"6":{"name":"(anonymous_6)","line":20,"loc":{"start":{"line":20,"column":24},"end":{"line":20,"column":37}}},"7":{"name":"(anonymous_7)","line":42,"loc":{"start":{"line":42,"column":17},"end":{"line":42,"column":53}}},"8":{"name":"(anonymous_8)","line":78,"loc":{"start":{"line":78,"column":12},"end":{"line":78,"column":27}}}},"statementMap":{"1":{"start":{"line":1,"column":0},"end":{"line":1,"column":32}},"2":{"start":{"line":2,"column":0},"end":{"line":2,"column":55}},"3":{"start":{"line":3,"column":0},"end":{"line":3,"column":37}},"4":{"start":{"line":4,"column":0},"end":{"line":4,"column":37}},"5":{"start":{"line":6,"column":0},"end":{"line":6,"column":13}},"6":{"start":{"line":7,"column":0},"end":{"line":30,"column":2}},"7":{"start":{"line":8,"column":2},"end":{"line":29,"column":3}},"8":{"start":{"line":9,"column":4},"end":{"line":28,"column":6}},"9":{"start":{"line":10,"column":6},"end":{"line":16,"column":7}},"10":{"start":{"line":12,"column":8},"end":{"line":14,"column":9}},"11":{"start":{"line":13,"column":10},"end":{"line":13,"column":36}},"12":{"start":{"line":15,"column":8},"end":{"line":15,"column":14}},"13":{"start":{"line":17,"column":6},"end":{"line":27,"column":38}},"14":{"start":{"line":18,"column":8},"end":{"line":26,"column":10}},"15":{"start":{"line":19,"column":10},"end":{"line":19,"column":25}},"16":{"start":{"line":20,"column":10},"end":{"line":22,"column":12}},"17":{"start":{"line":21,"column":12},"end":{"line":21,"column":45}},"18":{"start":{"line":21,"column":37},"end":{"line":21,"column":45}},"19":{"start":{"line":23,"column":10},"end":{"line":25,"column":13}},"20":{"start":{"line":42,"column":0},"end":{"line":83,"column":1}},"21":{"start":{"line":43,"column":2},"end":{"line":43,"column":43}},"22":{"start":{"line":44,"column":2},"end":{"line":44,"column":26}},"23":{"start":{"line":45,"column":2},"end":{"line":82,"column":3}},"24":{"start":{"line":46,"column":4},"end":{"line":46,"column":31}},"25":{"start":{"line":48,"column":4},"end":{"line":48,"column":20}},"26":{"start":{"line":49,"column":4},"end":{"line":49,"column":17}},"27":{"start":{"line":51,"column":4},"end":{"line":56,"column":5}},"28":{"start":{"line":52,"column":6},"end":{"line":52,"column":39}},"29":{"start":{"line":53,"column":11},"end":{"line":56,"column":5}},"30":{"start":{"line":54,"column":6},"end":{"line":54,"column":45}},"31":{"start":{"line":55,"column":6},"end":{"line":55,"column":36}},"32":{"start":{"line":60,"column":4},"end":{"line":62,"column":5}},"33":{"start":{"line":61,"column":6},"end":{"line":61,"column":25}},"34":{"start":{"line":65,"column":4},"end":{"line":67,"column":5}},"35":{"start":{"line":66,"column":6},"end":{"line":66,"column":47}},"36":{"start":{"line":70,"column":4},"end":{"line":74,"column":5}},"37":{"start":{"line":71,"column":6},"end":{"line":73,"column":27}},"38":{"start":{"line":75,"column":4},"end":{"line":75,"column":18}},"39":{"start":{"line":76,"column":4},"end":{"line":81,"column":8}},"40":{"start":{"line":79,"column":8},"end":{"line":79,"column":31}},"41":{"start":{"line":80,"column":8},"end":{"line":80,"column":22}}},"branchMap":{"1":{"line":10,"type":"if","locations":[{"start":{"line":10,"column":6},"end":{"line":10,"column":6}},{"start":{"line":10,"column":6},"end":{"line":10,"column":6}}]},"2":{"line":12,"type":"if","locations":[{"start":{"line":12,"column":8},"end":{"line":12,"column":8}},{"start":{"line":12,"column":8},"end":{"line":12,"column":8}}]},"3":{"line":12,"type":"binary-expr","locations":[{"start":{"line":12,"column":12},"end":{"line":12,"column":34}},{"start":{"line":12,"column":38},"end":{"line":12,"column":59}}]},"4":{"line":21,"type":"if","locations":[{"start":{"line":21,"column":12},"end":{"line":21,"column":12}},{"start":{"line":21,"column":12},"end":{"line":21,"column":12}}]},"5":{"line":45,"type":"if","locations":[{"start":{"line":45,"column":2},"end":{"line":45,"column":2}},{"start":{"line":45,"column":2},"end":{"line":45,"column":2}}]},"6":{"line":51,"type":"if","locations":[{"start":{"line":51,"column":4},"end":{"line":51,"column":4}},{"start":{"line":51,"column":4},"end":{"line":51,"column":4}}]},"7":{"line":53,"type":"if","locations":[{"start":{"line":53,"column":11},"end":{"line":53,"column":11}},{"start":{"line":53,"column":11},"end":{"line":53,"column":11}}]},"8":{"line":54,"type":"binary-expr","locations":[{"start":{"line":54,"column":16},"end":{"line":54,"column":39}},{"start":{"line":54,"column":43},"end":{"line":54,"column":45}}]},"9":{"line":60,"type":"if","locations":[{"start":{"line":60,"column":4},"end":{"line":60,"column":4}},{"start":{"line":60,"column":4},"end":{"line":60,"column":4}}]},"10":{"line":60,"type":"binary-expr","locations":[{"start":{"line":60,"column":8},"end":{"line":60,"column":14}},{"start":{"line":60,"column":18},"end":{"line":60,"column":47}}]},"11":{"line":65,"type":"if","locations":[{"start":{"line":65,"column":4},"end":{"line":65,"column":4}},{"start":{"line":65,"column":4},"end":{"line":65,"column":4}}]},"12":{"line":65,"type":"binary-expr","locations":[{"start":{"line":65,"column":8},"end":{"line":65,"column":15}},{"start":{"line":65,"column":19},"end":{"line":65,"column":48}}]},"13":{"line":70,"type":"if","locations":[{"start":{"line":70,"column":4},"end":{"line":70,"column":4}},{"start":{"line":70,"column":4},"end":{"line":70,"column":4}}]}},"code":["var postcss = require('postcss')","var selectorParser = require('postcss-selector-parser')","var cache = require('lru-cache')(100)","var assign = require('object-assign')","","var currentId","var addId = postcss.plugin('add-id', function () {","  return function (root) {","    root.each(function rewriteSelector (node) {","      if (!node.selector) {","        // handle media queries","        if (node.type === 'atrule' && node.name === 'media') {","          node.each(rewriteSelector)","        }","        return","      }","      node.selector = selectorParser(function (selectors) {","        selectors.each(function (selector) {","          var node = null","          selector.each(function (n) {","            if (n.type !== 'pseudo') node = n","          })","          selector.insertAfter(node, selectorParser.attribute({","            attribute: currentId","          }))","        })","      }).process(node.selector).result","    })","  }","})","","/**"," * Add attribute selector to css"," *"," * @param {String} id"," * @param {String} css"," * @param {Boolean} scoped"," * @param {Object} options"," * @return {Promise}"," */","","module.exports = function (id, css, scoped, options) {","  var key = id + '!!' + scoped + '!!' + css","  var val = cache.get(key)","  if (val) {","    return Promise.resolve(val)","  } else {","    var plugins = []","    var opts = {}","","    if (options.postcss instanceof Array) {","      plugins = options.postcss.slice()","    } else if (options.postcss instanceof Object) {","      plugins = options.postcss.plugins || []","      opts = options.postcss.options","    }","","    // scoped css rewrite","    // make sure the addId plugin is only pushed once","    if (scoped && plugins.indexOf(addId) === -1) {","      plugins.push(addId)","    }","","    // remove the addId plugin if the style block is not scoped","    if (!scoped && plugins.indexOf(addId) !== -1) {","      plugins.splice(plugins.indexOf(addId), 1)","    }","","    // minification","    if (process.env.NODE_ENV === 'production') {","      plugins.push(require('cssnano')(assign({","        safe: true","      }, options.cssnano)))","    }","    currentId = id","    return postcss(plugins)","      .process(css, opts)","      .then(function (res) {","        cache.set(key, res.css)","        return res.css","      })","  }","}","",""],"l":{"1":1,"2":1,"3":1,"4":1,"6":1,"7":1,"8":0,"9":0,"10":0,"12":0,"13":0,"15":0,"17":0,"18":0,"19":0,"20":0,"21":0,"23":0,"42":1,"43":0,"44":0,"45":0,"46":0,"48":0,"49":0,"51":0,"52":0,"53":0,"54":0,"55":0,"60":0,"61":0,"65":0,"66":0,"70":0,"71":0,"75":0,"76":0,"79":0,"80":0}},"/home/travis/build/npmtest/node-npmtest-vueify/node_modules/vueify/lib/template-compiler.js":{"path":"/home/travis/build/npmtest/node-npmtest-vueify/node_modules/vueify/lib/template-compiler.js","s":{"1":1,"2":1,"3":1,"4":1,"5":0,"6":0,"7":0,"8":0,"9":0,"10":0,"11":1,"12":0},"b":{"1":[0,0]},"f":{"1":0,"2":0,"3":0},"fnMap":{"1":{"name":"compileTemplate","line":5,"loc":{"start":{"line":5,"column":17},"end":{"line":5,"column":63}}},"2":{"name":"(anonymous_2)","line":8,"loc":{"start":{"line":8,"column":28},"end":{"line":8,"column":43}}},"3":{"name":"toFunction","line":20,"loc":{"start":{"line":20,"column":0},"end":{"line":20,"column":27}}}},"statementMap":{"1":{"start":{"line":1,"column":0},"end":{"line":1,"column":28}},"2":{"start":{"line":2,"column":0},"end":{"line":2,"column":50}},"3":{"start":{"line":3,"column":0},"end":{"line":3,"column":55}},"4":{"start":{"line":5,"column":0},"end":{"line":18,"column":1}},"5":{"start":{"line":6,"column":2},"end":{"line":6,"column":46}},"6":{"start":{"line":7,"column":2},"end":{"line":17,"column":3}},"7":{"start":{"line":8,"column":4},"end":{"line":10,"column":6}},"8":{"start":{"line":9,"column":6},"end":{"line":9,"column":49}},"9":{"start":{"line":11,"column":4},"end":{"line":11,"column":54}},"10":{"start":{"line":13,"column":4},"end":{"line":16,"column":5}},"11":{"start":{"line":20,"column":0},"end":{"line":22,"column":1}},"12":{"start":{"line":21,"column":2},"end":{"line":21,"column":55}}},"branchMap":{"1":{"line":7,"type":"if","locations":[{"start":{"line":7,"column":2},"end":{"line":7,"column":2}},{"start":{"line":7,"column":2},"end":{"line":7,"column":2}}]}},"code":["var chalk = require('chalk')","var vueCompiler = require('vue-template-compiler')","var transpile = require('vue-template-es2015-compiler')","","module.exports = function compileTemplate (template, compiler) {","  var compiled = vueCompiler.compile(template)","  if (compiled.errors.length) {","    compiled.errors.forEach(function (msg) {","      console.error('\\n' + chalk.red(msg) + '\\n')","    })","    throw new Error('Vue template compilation failed')","  } else {","    return {","      render: toFunction(compiled.render),","      staticRenderFns: '[' + compiled.staticRenderFns.map(toFunction).join(',') + ']'","    }","  }","}","","function toFunction (code) {","  return transpile('function render () {' + code + '}')","}",""],"l":{"1":1,"2":1,"3":1,"5":1,"6":0,"7":0,"8":0,"9":0,"11":0,"13":0,"20":1,"21":0}},"/home/travis/build/npmtest/node-npmtest-vueify/node_modules/vueify/lib/insert-css.js":{"path":"/home/travis/build/npmtest/node-npmtest-vueify/node_modules/vueify/lib/insert-css.js","s":{"1":1,"2":1,"3":1,"4":0,"5":0,"6":0,"7":0,"8":0,"9":0,"10":0,"11":0,"12":0,"13":0,"14":0,"15":0},"b":{"1":[0,0],"2":[0,0]},"f":{"1":0,"2":0,"3":0},"fnMap":{"1":{"name":"noop","line":3,"loc":{"start":{"line":3,"column":0},"end":{"line":3,"column":17}}},"2":{"name":"(anonymous_2)","line":5,"loc":{"start":{"line":5,"column":17},"end":{"line":5,"column":32}}},"3":{"name":"(anonymous_3)","line":19,"loc":{"start":{"line":19,"column":9},"end":{"line":19,"column":21}}}},"statementMap":{"1":{"start":{"line":1,"column":0},"end":{"line":1,"column":33}},"2":{"start":{"line":3,"column":0},"end":{"line":3,"column":19}},"3":{"start":{"line":5,"column":0},"end":{"line":23,"column":1}},"4":{"start":{"line":6,"column":2},"end":{"line":6,"column":32}},"5":{"start":{"line":6,"column":21},"end":{"line":6,"column":32}},"6":{"start":{"line":7,"column":2},"end":{"line":7,"column":22}},"7":{"start":{"line":9,"column":2},"end":{"line":9,"column":44}},"8":{"start":{"line":10,"column":2},"end":{"line":10,"column":39}},"9":{"start":{"line":12,"column":2},"end":{"line":16,"column":3}},"10":{"start":{"line":13,"column":4},"end":{"line":13,"column":26}},"11":{"start":{"line":15,"column":4},"end":{"line":15,"column":33}},"12":{"start":{"line":18,"column":2},"end":{"line":18,"column":60}},"13":{"start":{"line":19,"column":2},"end":{"line":22,"column":3}},"14":{"start":{"line":20,"column":4},"end":{"line":20,"column":62}},"15":{"start":{"line":21,"column":4},"end":{"line":21,"column":25}}},"branchMap":{"1":{"line":6,"type":"if","locations":[{"start":{"line":6,"column":2},"end":{"line":6,"column":2}},{"start":{"line":6,"column":2},"end":{"line":6,"column":2}}]},"2":{"line":12,"type":"if","locations":[{"start":{"line":12,"column":2},"end":{"line":12,"column":2}},{"start":{"line":12,"column":2},"end":{"line":12,"column":2}}]}},"code":["var inserted = exports.cache = {}","","function noop () {}","","exports.insert = function (css) {","  if (inserted[css]) return noop","  inserted[css] = true","","  var elem = document.createElement('style')","  elem.setAttribute('type', 'text/css')","","  if ('textContent' in elem) {","    elem.textContent = css","  } else {","    elem.styleSheet.cssText = css","  }","","  document.getElementsByTagName('head')[0].appendChild(elem)","  return function () {","    document.getElementsByTagName('head')[0].removeChild(elem)","    inserted[css] = false","  }","}",""],"l":{"1":1,"3":1,"5":1,"6":0,"7":0,"9":0,"10":0,"12":0,"13":0,"15":0,"18":0,"19":0,"20":0,"21":0}},"/home/travis/build/npmtest/node-npmtest-vueify/node_modules/vueify/plugins/extract-css.js":{"path":"/home/travis/build/npmtest/node-npmtest-vueify/node_modules/vueify/plugins/extract-css.js","s":{"1":1,"2":1,"3":1,"4":0,"5":0,"6":0,"7":0,"8":0,"9":0,"10":0,"11":0,"12":0,"13":0,"14":0,"15":0,"16":0,"17":0,"18":0,"19":0},"b":{"1":[0,0,0],"2":[0,0],"3":[0,0],"4":[0,0],"5":[0,0]},"f":{"1":0,"2":0,"3":0,"4":0,"5":0,"6":0,"7":0},"fnMap":{"1":{"name":"(anonymous_1)","line":4,"loc":{"start":{"line":4,"column":17},"end":{"line":4,"column":36}}},"2":{"name":"(anonymous_2)","line":12,"loc":{"start":{"line":12,"column":17},"end":{"line":12,"column":31}}},"3":{"name":"(anonymous_3)","line":13,"loc":{"start":{"line":13,"column":17},"end":{"line":13,"column":29}}},"4":{"name":"(anonymous_4)","line":15,"loc":{"start":{"line":15,"column":13},"end":{"line":15,"column":29}}},"5":{"name":"(anonymous_5)","line":21,"loc":{"start":{"line":21,"column":35},"end":{"line":21,"column":47}}},"6":{"name":"(anonymous_6)","line":26,"loc":{"start":{"line":26,"column":20},"end":{"line":26,"column":40}}},"7":{"name":"(anonymous_7)","line":28,"loc":{"start":{"line":28,"column":28},"end":{"line":28,"column":41}}}},"statementMap":{"1":{"start":{"line":1,"column":0},"end":{"line":1,"column":22}},"2":{"start":{"line":2,"column":0},"end":{"line":2,"column":41}},"3":{"start":{"line":4,"column":0},"end":{"line":33,"column":1}},"4":{"start":{"line":5,"column":2},"end":{"line":7,"column":4}},"5":{"start":{"line":9,"column":2},"end":{"line":9,"column":34}},"6":{"start":{"line":10,"column":2},"end":{"line":10,"column":50}},"7":{"start":{"line":12,"column":2},"end":{"line":24,"column":4}},"8":{"start":{"line":13,"column":4},"end":{"line":23,"column":6}},"9":{"start":{"line":14,"column":6},"end":{"line":16,"column":19}},"10":{"start":{"line":15,"column":31},"end":{"line":15,"column":51}},"11":{"start":{"line":17,"column":6},"end":{"line":22,"column":7}},"12":{"start":{"line":18,"column":8},"end":{"line":18,"column":26}},"13":{"start":{"line":19,"column":8},"end":{"line":19,"column":21}},"14":{"start":{"line":20,"column":13},"end":{"line":22,"column":7}},"15":{"start":{"line":21,"column":8},"end":{"line":21,"column":50}},"16":{"start":{"line":26,"column":2},"end":{"line":32,"column":4}},"17":{"start":{"line":27,"column":4},"end":{"line":31,"column":5}},"18":{"start":{"line":28,"column":6},"end":{"line":30,"column":8}},"19":{"start":{"line":29,"column":8},"end":{"line":29,"column":32}}},"branchMap":{"1":{"line":10,"type":"binary-expr","locations":[{"start":{"line":10,"column":16},"end":{"line":10,"column":24}},{"start":{"line":10,"column":28},"end":{"line":10,"column":34}},{"start":{"line":10,"column":38},"end":{"line":10,"column":50}}]},"2":{"line":17,"type":"if","locations":[{"start":{"line":17,"column":6},"end":{"line":17,"column":6}},{"start":{"line":17,"column":6},"end":{"line":17,"column":6}}]},"3":{"line":17,"type":"binary-expr","locations":[{"start":{"line":17,"column":10},"end":{"line":17,"column":37}},{"start":{"line":17,"column":41},"end":{"line":17,"column":54}}]},"4":{"line":20,"type":"if","locations":[{"start":{"line":20,"column":13},"end":{"line":20,"column":13}},{"start":{"line":20,"column":13},"end":{"line":20,"column":13}}]},"5":{"line":27,"type":"if","locations":[{"start":{"line":27,"column":4},"end":{"line":27,"column":4}},{"start":{"line":27,"column":4},"end":{"line":27,"column":4}}]}},"code":["var fs = require('fs')","var compiler = require('../lib/compiler')","","module.exports = function (b, opts) {","  compiler.applyConfig({","    extractCSS: true","  })","","  var styles = Object.create(null)","  var outPath = opts.out || opts.o || 'bundle.css'","","  b.on('bundle', function (bs) {","    bs.on('end', function () {","      var css = Object.keys(styles)","        .map(function (file) { return styles[file] })","        .join('\\n')","      if (typeof outPath === 'object' && outPath.write) {","        outPath.write(css)","        outPath.end()","      } else if (typeof outPath === 'string') {","        fs.writeFile(outPath, css, function () {})","      }","    })","  })","","  b.on('transform', function (tr, file) {","    if (tr.vueify) {","      tr.on('vueify-style', function (e) {","        styles[e.file] = e.style","      })","    }","  })","}",""],"l":{"1":1,"2":1,"4":1,"5":0,"9":0,"10":0,"12":0,"13":0,"14":0,"15":0,"17":0,"18":0,"19":0,"20":0,"21":0,"26":0,"27":0,"28":0,"29":0}}}